#
# There is insufficient memory for the Java Runtime Environment to continue.
# Native memory allocation (malloc) failed to allocate 32744 bytes. Error detail: ChunkPool::allocate
# Possible reasons:
#   The system is out of physical RAM or swap space
#   This process is running with CompressedOops enabled, and the Java Heap may be blocking the growth of the native heap
# Possible solutions:
#   Reduce memory load on the system
#   Increase physical memory or swap space
#   Check if swap backing store is full
#   Decrease Java heap size (-Xmx/-Xms)
#   Decrease number of Java threads
#   Decrease Java thread stack sizes (-Xss)
#   Set larger code cache with -XX:ReservedCodeCacheSize=
#   JVM is running with Unscaled Compressed Oops mode in which the Java heap is
#     placed in the first 4GB address space. The Java Heap base address is the
#     maximum limit for the native heap growth. Please use -XX:HeapBaseMinAddress
#     to set the Java Heap base and to place the Java Heap above 4GB virtual address.
# This output file may be truncated or incomplete.
#
#  Out of Memory Error (arena.cpp:79), pid=21396, tid=2888
#
# JRE version: OpenJDK Runtime Environment (17.0.11) (build 17.0.11+0--11852314)
# Java VM: OpenJDK 64-Bit Server VM (17.0.11+0--11852314, mixed mode, tiered, compressed oops, compressed class ptrs, g1 gc, windows-amd64)
# No core dump will be written. Minidumps are not enabled by default on client versions of Windows
#

---------------  S U M M A R Y ------------

Command Line: -Dorg.gradle.appname=gradlew org.gradle.wrapper.GradleWrapperMain -q -Ptarget-platform=android-x64 -Ptarget=C:\Users\joaov\Desktop\General\Study\Estudos Flutter\FlutterStudies\image\lib\main.dart -Pbase-application-name=android.app.Application -Pdart-obfuscation=false -Ptrack-widget-creation=true -Ptree-shake-icons=false -Pfilesystem-scheme=org-dartlang-root assembleDebug

Host: AMD Ryzen 5 7520U with Radeon Graphics         , 8 cores, 5G,  Windows 11 , 64 bit Build 22621 (10.0.22621.3958)
Time: Tue Nov 12 10:26:53 2024 E. South America Standard Time elapsed time: 11.813499 seconds (0d 0h 0m 11s)

---------------  T H R E A D  ---------------

Current thread (0x0000024b323fbbe0):  JavaThread "C1 CompilerThread0" daemon [_thread_in_native, id=2888, stack(0x000000b53a200000,0x000000b53a300000)]


Current CompileTask:
C1:  11813 1208       3       java.util.LinkedList::checkPositionIndex (22 bytes)

Stack: [0x000000b53a200000,0x000000b53a300000]
Native frames: (J=compiled Java code, j=interpreted, Vv=VM code, C=native code)
V  [jvm.dll+0x687bb9]
V  [jvm.dll+0x84142a]
V  [jvm.dll+0x8430ae]
V  [jvm.dll+0x843713]
V  [jvm.dll+0x24a35f]
V  [jvm.dll+0xac741]
V  [jvm.dll+0xacb8c]
V  [jvm.dll+0xb922d]
V  [jvm.dll+0x1626ad]
V  [jvm.dll+0x16097e]
V  [jvm.dll+0x14eb00]
V  [jvm.dll+0x137627]
V  [jvm.dll+0x136fbf]
V  [jvm.dll+0x1371f6]
V  [jvm.dll+0x13668a]
V  [jvm.dll+0x138341]
V  [jvm.dll+0x22b1ee]
V  [jvm.dll+0x229375]
V  [jvm.dll+0x7f5647]
V  [jvm.dll+0x7efa4a]
V  [jvm.dll+0x686a35]
C  [ucrtbase.dll+0x29333]
C  [KERNEL32.DLL+0x1257d]
C  [ntdll.dll+0x5af08]


---------------  P R O C E S S  ---------------

Threads class SMR info:
_java_thread_list=0x0000024b32f40820, length=15, elements={
0x0000024b1986f260, 0x0000024b32188250, 0x0000024b3218a880, 0x0000024b32194fd0,
0x0000024b32197b70, 0x0000024b321985a0, 0x0000024b323f57b0, 0x0000024b323fb130,
0x0000024b323fbbe0, 0x0000024b3240f410, 0x0000024b3256eb40, 0x0000024b32580970,
0x0000024b370e8220, 0x0000024b371ed050, 0x0000024b371328d0
}

Java Threads: ( => current thread )
  0x0000024b1986f260 JavaThread "main" [_thread_in_vm, id=7856, stack(0x000000b539300000,0x000000b539400000)]
  0x0000024b32188250 JavaThread "Reference Handler" daemon [_thread_blocked, id=17668, stack(0x000000b539a00000,0x000000b539b00000)]
  0x0000024b3218a880 JavaThread "Finalizer" daemon [_thread_blocked, id=10064, stack(0x000000b539b00000,0x000000b539c00000)]
  0x0000024b32194fd0 JavaThread "Signal Dispatcher" daemon [_thread_blocked, id=19584, stack(0x000000b539d00000,0x000000b539e00000)]
  0x0000024b32197b70 JavaThread "Attach Listener" daemon [_thread_blocked, id=11212, stack(0x000000b539e00000,0x000000b539f00000)]
  0x0000024b321985a0 JavaThread "Service Thread" daemon [_thread_blocked, id=12512, stack(0x000000b539f00000,0x000000b53a000000)]
  0x0000024b323f57b0 JavaThread "Monitor Deflation Thread" daemon [_thread_blocked, id=15608, stack(0x000000b53a000000,0x000000b53a100000)]
  0x0000024b323fb130 JavaThread "C2 CompilerThread0" daemon [_thread_in_native, id=3024, stack(0x000000b53a100000,0x000000b53a200000)]
=>0x0000024b323fbbe0 JavaThread "C1 CompilerThread0" daemon [_thread_in_native, id=2888, stack(0x000000b53a200000,0x000000b53a300000)]
  0x0000024b3240f410 JavaThread "Sweeper thread" daemon [_thread_blocked, id=7680, stack(0x000000b53a300000,0x000000b53a400000)]
  0x0000024b3256eb40 JavaThread "Notification Thread" daemon [_thread_blocked, id=13124, stack(0x000000b53a400000,0x000000b53a500000)]
  0x0000024b32580970 JavaThread "Common-Cleaner" daemon [_thread_blocked, id=20960, stack(0x000000b53a600000,0x000000b53a700000)]
  0x0000024b370e8220 JavaThread "pool-1-thread-1" [_thread_blocked, id=9004, stack(0x000000b53ab00000,0x000000b53ac00000)]
  0x0000024b371ed050 JavaThread "DisconnectableInputStream source reader" daemon [_thread_in_native, id=12196, stack(0x000000b53ad00000,0x000000b53ae00000)]
  0x0000024b371328d0 JavaThread "Forward input" [_thread_blocked, id=8476, stack(0x000000b53ae00000,0x000000b53af00000)]

Other Threads:
  0x0000024b32164940 VMThread "VM Thread" [stack: 0x000000b539900000,0x000000b539a00000] [id=11692]
  0x0000024b32573030 WatcherThread [stack: 0x000000b53a500000,0x000000b53a600000] [id=11036]
  0x0000024b198bc460 GCTaskThread "GC Thread#0" [stack: 0x000000b539400000,0x000000b539500000] [id=1556]
  0x0000024b32ee9e00 GCTaskThread "GC Thread#1" [stack: 0x000000b53a700000,0x000000b53a800000] [id=12372]
  0x0000024b32f3f470 GCTaskThread "GC Thread#2" [stack: 0x000000b53a800000,0x000000b53a900000] [id=6036]
  0x0000024b3708fca0 GCTaskThread "GC Thread#3" [stack: 0x000000b53a900000,0x000000b53aa00000] [id=3788]
  0x0000024b3708ff60 GCTaskThread "GC Thread#4" [stack: 0x000000b53aa00000,0x000000b53ab00000] [id=8472]
  0x0000024b198c8b70 ConcurrentGCThread "G1 Main Marker" [stack: 0x000000b539500000,0x000000b539600000] [id=8504]
  0x0000024b198c9590 ConcurrentGCThread "G1 Conc#0" [stack: 0x000000b539600000,0x000000b539700000] [id=9448]
  0x0000024b19917b50 ConcurrentGCThread "G1 Refine#0" [stack: 0x000000b539700000,0x000000b539800000] [id=7052]
  0x0000024b19917f30 ConcurrentGCThread "G1 Service" [stack: 0x000000b539800000,0x000000b539900000] [id=14788]

Threads with active compile tasks:
C2 CompilerThread0    11832 1210 % !   4       java.io.BufferedReader::readLine @ 139 (327 bytes)
C1 CompilerThread0    11832 1208       3       java.util.LinkedList::checkPositionIndex (22 bytes)

VM state: not at safepoint (normal execution)

VM Mutex/Monitor currently owned by a thread:  ([mutex/lock_event])
[0x0000024b1986b7e0] Metaspace_lock - owner thread: 0x0000024b1986f260

Heap address: 0x00000000a4200000, size: 1470 MB, Compressed Oops mode: 32-bit

CDS archive(s) not mapped
Compressed class space mapped at: 0x0000000100000000-0x0000000140000000, reserved size: 1073741824
Narrow klass base: 0x0000000000000000, Narrow klass shift: 3, Narrow klass range: 0x140000000

GC Precious Log:
 CPUs: 8 total, 8 available
 Memory: 5877M
 Large Page Support: Disabled
 NUMA Support: Disabled
 Compressed Oops: Enabled (32-bit)
 Heap Region Size: 1M
 Heap Min Capacity: 8M
 Heap Initial Capacity: 92M
 Heap Max Capacity: 1470M
 Pre-touch: Disabled
 Parallel Workers: 8
 Concurrent Workers: 2
 Concurrent Refinement Workers: 8
 Periodic GC: Disabled

Heap:
 garbage-first heap   total 94208K, used 26288K [0x00000000a4200000, 0x0000000100000000)
  region size 1024K, 19 young (19456K), 3 survivors (3072K)
 Metaspace       used 16761K, committed 16960K, reserved 1114112K
  class space    used 1957K, committed 2112K, reserved 1048576K

Heap Regions: E=young(eden), S=young(survivor), O=old, HS=humongous(starts), HC=humongous(continues), CS=collection set, F=free, OA=open archive, CA=closed archive, TAMS=top-at-mark-start (previous, next)
|   0|0x00000000a4200000, 0x00000000a4300000, 0x00000000a4300000|100%|HS|  |TAMS 0x00000000a4200000, 0x00000000a4200000| Complete 
|   1|0x00000000a4300000, 0x00000000a4400000, 0x00000000a4400000|100%|HC|  |TAMS 0x00000000a4300000, 0x00000000a4300000| Complete 
|   2|0x00000000a4400000, 0x00000000a4500000, 0x00000000a4500000|100%|HC|  |TAMS 0x00000000a4400000, 0x00000000a4400000| Complete 
|   3|0x00000000a4500000, 0x00000000a4600000, 0x00000000a4600000|100%|HC|  |TAMS 0x00000000a4500000, 0x00000000a4500000| Complete 
|   4|0x00000000a4600000, 0x00000000a4700000, 0x00000000a4700000|100%| O|  |TAMS 0x00000000a4600000, 0x00000000a4600000| Untracked 
|   5|0x00000000a4700000, 0x00000000a4800000, 0x00000000a4800000|100%| O|  |TAMS 0x00000000a4700000, 0x00000000a4700000| Untracked 
|   6|0x00000000a4800000, 0x00000000a4900000, 0x00000000a4900000|100%| O|  |TAMS 0x00000000a4800000, 0x00000000a4800000| Untracked 
|   7|0x00000000a4900000, 0x00000000a49ac200, 0x00000000a4a00000| 67%| O|  |TAMS 0x00000000a4900000, 0x00000000a4900000| Untracked 
|   8|0x00000000a4a00000, 0x00000000a4a00000, 0x00000000a4b00000|  0%| F|  |TAMS 0x00000000a4a00000, 0x00000000a4a00000| Untracked 
|   9|0x00000000a4b00000, 0x00000000a4b00000, 0x00000000a4c00000|  0%| F|  |TAMS 0x00000000a4b00000, 0x00000000a4b00000| Untracked 
|  10|0x00000000a4c00000, 0x00000000a4c00000, 0x00000000a4d00000|  0%| F|  |TAMS 0x00000000a4c00000, 0x00000000a4c00000| Untracked 
|  11|0x00000000a4d00000, 0x00000000a4d00000, 0x00000000a4e00000|  0%| F|  |TAMS 0x00000000a4d00000, 0x00000000a4d00000| Untracked 
|  12|0x00000000a4e00000, 0x00000000a4e00000, 0x00000000a4f00000|  0%| F|  |TAMS 0x00000000a4e00000, 0x00000000a4e00000| Untracked 
|  13|0x00000000a4f00000, 0x00000000a4f00000, 0x00000000a5000000|  0%| F|  |TAMS 0x00000000a4f00000, 0x00000000a4f00000| Untracked 
|  14|0x00000000a5000000, 0x00000000a5000000, 0x00000000a5100000|  0%| F|  |TAMS 0x00000000a5000000, 0x00000000a5000000| Untracked 
|  15|0x00000000a5100000, 0x00000000a5100000, 0x00000000a5200000|  0%| F|  |TAMS 0x00000000a5100000, 0x00000000a5100000| Untracked 
|  16|0x00000000a5200000, 0x00000000a5200000, 0x00000000a5300000|  0%| F|  |TAMS 0x00000000a5200000, 0x00000000a5200000| Untracked 
|  17|0x00000000a5300000, 0x00000000a5300000, 0x00000000a5400000|  0%| F|  |TAMS 0x00000000a5300000, 0x00000000a5300000| Untracked 
|  18|0x00000000a5400000, 0x00000000a5400000, 0x00000000a5500000|  0%| F|  |TAMS 0x00000000a5400000, 0x00000000a5400000| Untracked 
|  19|0x00000000a5500000, 0x00000000a5500000, 0x00000000a5600000|  0%| F|  |TAMS 0x00000000a5500000, 0x00000000a5500000| Untracked 
|  20|0x00000000a5600000, 0x00000000a5600000, 0x00000000a5700000|  0%| F|  |TAMS 0x00000000a5600000, 0x00000000a5600000| Untracked 
|  21|0x00000000a5700000, 0x00000000a5700000, 0x00000000a5800000|  0%| F|  |TAMS 0x00000000a5700000, 0x00000000a5700000| Untracked 
|  22|0x00000000a5800000, 0x00000000a5800000, 0x00000000a5900000|  0%| F|  |TAMS 0x00000000a5800000, 0x00000000a5800000| Untracked 
|  23|0x00000000a5900000, 0x00000000a5900000, 0x00000000a5a00000|  0%| F|  |TAMS 0x00000000a5900000, 0x00000000a5900000| Untracked 
|  24|0x00000000a5a00000, 0x00000000a5a00000, 0x00000000a5b00000|  0%| F|  |TAMS 0x00000000a5a00000, 0x00000000a5a00000| Untracked 
|  25|0x00000000a5b00000, 0x00000000a5b00000, 0x00000000a5c00000|  0%| F|  |TAMS 0x00000000a5b00000, 0x00000000a5b00000| Untracked 
|  26|0x00000000a5c00000, 0x00000000a5c00000, 0x00000000a5d00000|  0%| F|  |TAMS 0x00000000a5c00000, 0x00000000a5c00000| Untracked 
|  27|0x00000000a5d00000, 0x00000000a5d00000, 0x00000000a5e00000|  0%| F|  |TAMS 0x00000000a5d00000, 0x00000000a5d00000| Untracked 
|  28|0x00000000a5e00000, 0x00000000a5e00000, 0x00000000a5f00000|  0%| F|  |TAMS 0x00000000a5e00000, 0x00000000a5e00000| Untracked 
|  29|0x00000000a5f00000, 0x00000000a5f00000, 0x00000000a6000000|  0%| F|  |TAMS 0x00000000a5f00000, 0x00000000a5f00000| Untracked 
|  30|0x00000000a6000000, 0x00000000a6000000, 0x00000000a6100000|  0%| F|  |TAMS 0x00000000a6000000, 0x00000000a6000000| Untracked 
|  31|0x00000000a6100000, 0x00000000a6100000, 0x00000000a6200000|  0%| F|  |TAMS 0x00000000a6100000, 0x00000000a6100000| Untracked 
|  32|0x00000000a6200000, 0x00000000a6200000, 0x00000000a6300000|  0%| F|  |TAMS 0x00000000a6200000, 0x00000000a6200000| Untracked 
|  33|0x00000000a6300000, 0x00000000a6300000, 0x00000000a6400000|  0%| F|  |TAMS 0x00000000a6300000, 0x00000000a6300000| Untracked 
|  34|0x00000000a6400000, 0x00000000a6400000, 0x00000000a6500000|  0%| F|  |TAMS 0x00000000a6400000, 0x00000000a6400000| Untracked 
|  35|0x00000000a6500000, 0x00000000a6500000, 0x00000000a6600000|  0%| F|  |TAMS 0x00000000a6500000, 0x00000000a6500000| Untracked 
|  36|0x00000000a6600000, 0x00000000a6600000, 0x00000000a6700000|  0%| F|  |TAMS 0x00000000a6600000, 0x00000000a6600000| Untracked 
|  37|0x00000000a6700000, 0x00000000a6700000, 0x00000000a6800000|  0%| F|  |TAMS 0x00000000a6700000, 0x00000000a6700000| Untracked 
|  38|0x00000000a6800000, 0x00000000a6800000, 0x00000000a6900000|  0%| F|  |TAMS 0x00000000a6800000, 0x00000000a6800000| Untracked 
|  39|0x00000000a6900000, 0x00000000a6900000, 0x00000000a6a00000|  0%| F|  |TAMS 0x00000000a6900000, 0x00000000a6900000| Untracked 
|  40|0x00000000a6a00000, 0x00000000a6a00000, 0x00000000a6b00000|  0%| F|  |TAMS 0x00000000a6a00000, 0x00000000a6a00000| Untracked 
|  41|0x00000000a6b00000, 0x00000000a6b00000, 0x00000000a6c00000|  0%| F|  |TAMS 0x00000000a6b00000, 0x00000000a6b00000| Untracked 
|  42|0x00000000a6c00000, 0x00000000a6c00000, 0x00000000a6d00000|  0%| F|  |TAMS 0x00000000a6c00000, 0x00000000a6c00000| Untracked 
|  43|0x00000000a6d00000, 0x00000000a6d00000, 0x00000000a6e00000|  0%| F|  |TAMS 0x00000000a6d00000, 0x00000000a6d00000| Untracked 
|  44|0x00000000a6e00000, 0x00000000a6e00000, 0x00000000a6f00000|  0%| F|  |TAMS 0x00000000a6e00000, 0x00000000a6e00000| Untracked 
|  45|0x00000000a6f00000, 0x00000000a6f00000, 0x00000000a7000000|  0%| F|  |TAMS 0x00000000a6f00000, 0x00000000a6f00000| Untracked 
|  46|0x00000000a7000000, 0x00000000a7000000, 0x00000000a7100000|  0%| F|  |TAMS 0x00000000a7000000, 0x00000000a7000000| Untracked 
|  47|0x00000000a7100000, 0x00000000a7100000, 0x00000000a7200000|  0%| F|  |TAMS 0x00000000a7100000, 0x00000000a7100000| Untracked 
|  48|0x00000000a7200000, 0x00000000a7200000, 0x00000000a7300000|  0%| F|  |TAMS 0x00000000a7200000, 0x00000000a7200000| Untracked 
|  49|0x00000000a7300000, 0x00000000a7300000, 0x00000000a7400000|  0%| F|  |TAMS 0x00000000a7300000, 0x00000000a7300000| Untracked 
|  50|0x00000000a7400000, 0x00000000a7400000, 0x00000000a7500000|  0%| F|  |TAMS 0x00000000a7400000, 0x00000000a7400000| Untracked 
|  51|0x00000000a7500000, 0x00000000a7500000, 0x00000000a7600000|  0%| F|  |TAMS 0x00000000a7500000, 0x00000000a7500000| Untracked 
|  52|0x00000000a7600000, 0x00000000a7600000, 0x00000000a7700000|  0%| F|  |TAMS 0x00000000a7600000, 0x00000000a7600000| Untracked 
|  53|0x00000000a7700000, 0x00000000a7700000, 0x00000000a7800000|  0%| F|  |TAMS 0x00000000a7700000, 0x00000000a7700000| Untracked 
|  54|0x00000000a7800000, 0x00000000a7800000, 0x00000000a7900000|  0%| F|  |TAMS 0x00000000a7800000, 0x00000000a7800000| Untracked 
|  55|0x00000000a7900000, 0x00000000a7900000, 0x00000000a7a00000|  0%| F|  |TAMS 0x00000000a7900000, 0x00000000a7900000| Untracked 
|  56|0x00000000a7a00000, 0x00000000a7a00000, 0x00000000a7b00000|  0%| F|  |TAMS 0x00000000a7a00000, 0x00000000a7a00000| Untracked 
|  57|0x00000000a7b00000, 0x00000000a7b00000, 0x00000000a7c00000|  0%| F|  |TAMS 0x00000000a7b00000, 0x00000000a7b00000| Untracked 
|  58|0x00000000a7c00000, 0x00000000a7c00000, 0x00000000a7d00000|  0%| F|  |TAMS 0x00000000a7c00000, 0x00000000a7c00000| Untracked 
|  59|0x00000000a7d00000, 0x00000000a7d00000, 0x00000000a7e00000|  0%| F|  |TAMS 0x00000000a7d00000, 0x00000000a7d00000| Untracked 
|  60|0x00000000a7e00000, 0x00000000a7e00000, 0x00000000a7f00000|  0%| F|  |TAMS 0x00000000a7e00000, 0x00000000a7e00000| Untracked 
|  61|0x00000000a7f00000, 0x00000000a7f00000, 0x00000000a8000000|  0%| F|  |TAMS 0x00000000a7f00000, 0x00000000a7f00000| Untracked 
|  62|0x00000000a8000000, 0x00000000a8000000, 0x00000000a8100000|  0%| F|  |TAMS 0x00000000a8000000, 0x00000000a8000000| Untracked 
|  63|0x00000000a8100000, 0x00000000a8100000, 0x00000000a8200000|  0%| F|  |TAMS 0x00000000a8100000, 0x00000000a8100000| Untracked 
|  64|0x00000000a8200000, 0x00000000a8200000, 0x00000000a8300000|  0%| F|  |TAMS 0x00000000a8200000, 0x00000000a8200000| Untracked 
|  65|0x00000000a8300000, 0x00000000a8300000, 0x00000000a8400000|  0%| F|  |TAMS 0x00000000a8300000, 0x00000000a8300000| Untracked 
|  66|0x00000000a8400000, 0x00000000a8500000, 0x00000000a8500000|100%| S|CS|TAMS 0x00000000a8400000, 0x00000000a8400000| Complete 
|  67|0x00000000a8500000, 0x00000000a8600000, 0x00000000a8600000|100%| S|CS|TAMS 0x00000000a8500000, 0x00000000a8500000| Complete 
|  68|0x00000000a8600000, 0x00000000a8700000, 0x00000000a8700000|100%| S|CS|TAMS 0x00000000a8600000, 0x00000000a8600000| Complete 
|  69|0x00000000a8700000, 0x00000000a8700000, 0x00000000a8800000|  0%| F|  |TAMS 0x00000000a8700000, 0x00000000a8700000| Untracked 
|  70|0x00000000a8800000, 0x00000000a8800000, 0x00000000a8900000|  0%| F|  |TAMS 0x00000000a8800000, 0x00000000a8800000| Untracked 
|  71|0x00000000a8900000, 0x00000000a8900000, 0x00000000a8a00000|  0%| F|  |TAMS 0x00000000a8900000, 0x00000000a8900000| Untracked 
|  72|0x00000000a8a00000, 0x00000000a8a00000, 0x00000000a8b00000|  0%| F|  |TAMS 0x00000000a8a00000, 0x00000000a8a00000| Untracked 
|  73|0x00000000a8b00000, 0x00000000a8b00000, 0x00000000a8c00000|  0%| F|  |TAMS 0x00000000a8b00000, 0x00000000a8b00000| Untracked 
|  74|0x00000000a8c00000, 0x00000000a8c00000, 0x00000000a8d00000|  0%| F|  |TAMS 0x00000000a8c00000, 0x00000000a8c00000| Untracked 
|  75|0x00000000a8d00000, 0x00000000a8d00000, 0x00000000a8e00000|  0%| F|  |TAMS 0x00000000a8d00000, 0x00000000a8d00000| Untracked 
|  76|0x00000000a8e00000, 0x00000000a8ec79f8, 0x00000000a8f00000| 77%| E|  |TAMS 0x00000000a8e00000, 0x00000000a8e00000| Complete 
|  77|0x00000000a8f00000, 0x00000000a9000000, 0x00000000a9000000|100%| E|CS|TAMS 0x00000000a8f00000, 0x00000000a8f00000| Complete 
|  78|0x00000000a9000000, 0x00000000a9100000, 0x00000000a9100000|100%| E|CS|TAMS 0x00000000a9000000, 0x00000000a9000000| Complete 
|  79|0x00000000a9100000, 0x00000000a9200000, 0x00000000a9200000|100%| E|CS|TAMS 0x00000000a9100000, 0x00000000a9100000| Complete 
|  80|0x00000000a9200000, 0x00000000a9300000, 0x00000000a9300000|100%| E|CS|TAMS 0x00000000a9200000, 0x00000000a9200000| Complete 
|  81|0x00000000a9300000, 0x00000000a9400000, 0x00000000a9400000|100%| E|CS|TAMS 0x00000000a9300000, 0x00000000a9300000| Complete 
|  82|0x00000000a9400000, 0x00000000a9500000, 0x00000000a9500000|100%| E|CS|TAMS 0x00000000a9400000, 0x00000000a9400000| Complete 
|  83|0x00000000a9500000, 0x00000000a9600000, 0x00000000a9600000|100%| E|CS|TAMS 0x00000000a9500000, 0x00000000a9500000| Complete 
|  84|0x00000000a9600000, 0x00000000a9700000, 0x00000000a9700000|100%| E|CS|TAMS 0x00000000a9600000, 0x00000000a9600000| Complete 
|  85|0x00000000a9700000, 0x00000000a9800000, 0x00000000a9800000|100%| E|CS|TAMS 0x00000000a9700000, 0x00000000a9700000| Complete 
|  86|0x00000000a9800000, 0x00000000a9900000, 0x00000000a9900000|100%| E|CS|TAMS 0x00000000a9800000, 0x00000000a9800000| Complete 
|  87|0x00000000a9900000, 0x00000000a9a00000, 0x00000000a9a00000|100%| E|CS|TAMS 0x00000000a9900000, 0x00000000a9900000| Complete 
|  88|0x00000000a9a00000, 0x00000000a9b00000, 0x00000000a9b00000|100%| E|CS|TAMS 0x00000000a9a00000, 0x00000000a9a00000| Complete 
|  89|0x00000000a9b00000, 0x00000000a9c00000, 0x00000000a9c00000|100%| E|CS|TAMS 0x00000000a9b00000, 0x00000000a9b00000| Complete 
|  90|0x00000000a9c00000, 0x00000000a9d00000, 0x00000000a9d00000|100%| E|CS|TAMS 0x00000000a9c00000, 0x00000000a9c00000| Complete 
|  91|0x00000000a9d00000, 0x00000000a9e00000, 0x00000000a9e00000|100%| E|CS|TAMS 0x00000000a9d00000, 0x00000000a9d00000| Complete 

Card table byte_map: [0x0000024b2c360000,0x0000024b2c640000] _byte_map_base: 0x0000024b2be3f000

Marking Bits (Prev, Next): (CMBitMap*) 0x0000024b198bca80, (CMBitMap*) 0x0000024b198bcac0
 Prev Bits: [0x0000024b2c920000, 0x0000024b2e018000)
 Next Bits: [0x0000024b2e020000, 0x0000024b2f718000)

Polling page: 0x0000024b177d0000

Metaspace:

Usage:
  Non-class:     14.46 MB used.
      Class:      1.91 MB used.
       Both:     16.37 MB used.

Virtual space:
  Non-class space:       64.00 MB reserved,      14.50 MB ( 23%) committed,  1 nodes.
      Class space:        1.00 GB reserved,       2.06 MB ( <1%) committed,  1 nodes.
             Both:        1.06 GB reserved,      16.56 MB (  2%) committed. 

Chunk freelists:
   Non-Class:  703.00 KB
       Class:  13.98 MB
        Both:  14.67 MB

MaxMetaspaceSize: unlimited
CompressedClassSpaceSize: 1.00 GB
Initial GC threshold: 21.00 MB
Current GC threshold: 21.00 MB
CDS: off
MetaspaceReclaimPolicy: balanced
 - commit_granule_bytes: 65536.
 - commit_granule_words: 8192.
 - virtual_space_node_default_size: 8388608.
 - enlarge_chunks_in_place: 1.
 - new_chunks_are_fully_committed: 0.
 - uncommit_free_chunks: 1.
 - use_allocation_guard: 0.
 - handle_deallocations: 1.


Internal statistics:

num_allocs_failed_limit: 0.
num_arena_births: 78.
num_arena_deaths: 0.
num_vsnodes_births: 2.
num_vsnodes_deaths: 0.
num_space_committed: 265.
num_space_uncommitted: 0.
num_chunks_returned_to_freelist: 0.
num_chunks_taken_from_freelist: 320.
num_chunk_merges: 0.
num_chunk_splits: 210.
num_chunks_enlarged: 179.
num_inconsistent_stats: 0.

CodeHeap 'non-profiled nmethods': size=120000Kb used=452Kb max_used=452Kb free=119547Kb
 bounds [0x0000024b24810000, 0x0000024b24a80000, 0x0000024b2bd40000]
CodeHeap 'profiled nmethods': size=120000Kb used=2184Kb max_used=2184Kb free=117815Kb
 bounds [0x0000024b1cd40000, 0x0000024b1cfb0000, 0x0000024b24270000]
CodeHeap 'non-nmethods': size=5760Kb used=1167Kb max_used=1179Kb free=4592Kb
 bounds [0x0000024b24270000, 0x0000024b244e0000, 0x0000024b24810000]
 total_blobs=1671 nmethods=1208 adapters=376
 compilation: enabled
              stopped_count=0, restarted_count=0
 full_count=0

Compilation events (20 events):
Event: 7.162 Thread 0x0000024b323fbbe0 1199       3       com.esotericsoftware.kryo.io.Input::readInt (6 bytes)
Event: 7.162 Thread 0x0000024b323fbbe0 nmethod 1199 0x0000024b1cf5ed90 code [0x0000024b1cf5ef40, 0x0000024b1cf5f088]
Event: 7.177 Thread 0x0000024b323fbbe0 1200       3       java.lang.Enum::compareTo (44 bytes)
Event: 7.177 Thread 0x0000024b323fbbe0 nmethod 1200 0x0000024b1cf5f110 code [0x0000024b1cf5f300, 0x0000024b1cf5f7e8]
Event: 7.256 Thread 0x0000024b323fbbe0 1201       3       java.util.concurrent.locks.ReentrantLock$Sync::tryRelease (51 bytes)
Event: 7.256 Thread 0x0000024b323fbbe0 nmethod 1201 0x0000024b1cf5fa10 code [0x0000024b1cf5fbc0, 0x0000024b1cf5ff08]
Event: 8.255 Thread 0x0000024b323fbbe0 1202       3       java.util.LinkedHashMap$LinkedHashIterator::<init> (31 bytes)
Event: 8.255 Thread 0x0000024b323fbbe0 nmethod 1202 0x0000024b1cf60010 code [0x0000024b1cf601c0, 0x0000024b1cf60418]
Event: 9.968 Thread 0x0000024b323fbbe0 1203       3       java.util.concurrent.ThreadPoolExecutor::isShutdown (12 bytes)
Event: 9.968 Thread 0x0000024b323fbbe0 nmethod 1203 0x0000024b1cf60510 code [0x0000024b1cf606c0, 0x0000024b1cf608b8]
Event: 9.968 Thread 0x0000024b323fbbe0 1204       3       java.util.concurrent.ScheduledThreadPoolExecutor::canRunInCurrentRunState (61 bytes)
Event: 9.968 Thread 0x0000024b323fbbe0 nmethod 1204 0x0000024b1cf60990 code [0x0000024b1cf60ba0, 0x0000024b1cf61388]
Event: 10.157 Thread 0x0000024b323fbbe0 1205       3       java.util.concurrent.locks.ReentrantLock$NonfairSync::initialTryLock (58 bytes)
Event: 10.157 Thread 0x0000024b323fbbe0 nmethod 1205 0x0000024b1cf61610 code [0x0000024b1cf617e0, 0x0000024b1cf61bf8]
Event: 10.266 Thread 0x0000024b323fbbe0 1206       3       java.util.concurrent.locks.ReentrantLock::unlock (10 bytes)
Event: 10.266 Thread 0x0000024b323fbbe0 nmethod 1206 0x0000024b1cf61d10 code [0x0000024b1cf61ee0, 0x0000024b1cf621b8]
Event: 11.808 Thread 0x0000024b323fbbe0 1207       1       java.util.LinkedList::size (5 bytes)
Event: 11.808 Thread 0x0000024b323fbbe0 nmethod 1207 0x0000024b24880a90 code [0x0000024b24880c20, 0x0000024b24880cf8]
Event: 11.808 Thread 0x0000024b323fbbe0 1208       3       java.util.LinkedList::checkPositionIndex (22 bytes)
Event: 11.808 Thread 0x0000024b323fb130 1210 % !   4       java.io.BufferedReader::readLine @ 139 (327 bytes)

GC Heap History (2 events):
Event: 1.384 GC heap before
{Heap before GC invocations=0 (full 0):
 garbage-first heap   total 94208K, used 26624K [0x00000000a4200000, 0x0000000100000000)
  region size 1024K, 23 young (23552K), 0 survivors (0K)
 Metaspace       used 11210K, committed 11392K, reserved 1114112K
  class space    used 1157K, committed 1280K, reserved 1048576K
}
Event: 1.393 GC heap after
{Heap after GC invocations=1 (full 0):
 garbage-first heap   total 94208K, used 10928K [0x00000000a4200000, 0x0000000100000000)
  region size 1024K, 3 young (3072K), 3 survivors (3072K)
 Metaspace       used 11210K, committed 11392K, reserved 1114112K
  class space    used 1157K, committed 1280K, reserved 1048576K
}

Dll operation events (2 events):
Event: 0.027 Loaded shared library C:\Program Files\Android\Android Studio\jbr\bin\java.dll
Event: 0.263 Loaded shared library C:\Program Files\Android\Android Studio\jbr\bin\verify.dll

Deoptimization events (20 events):
Event: 1.641 Thread 0x0000024b1986f260 DEOPT PACKING pc=0x0000024b24871024 sp=0x000000b5393f9e90
Event: 1.641 Thread 0x0000024b1986f260 DEOPT UNPACKING pc=0x0000024b242c69a3 sp=0x000000b5393f9e18 mode 2
Event: 1.641 Thread 0x0000024b1986f260 Uncommon trap: trap_request=0xffffffde fr.pc=0x0000024b24871024 relative=0x0000000000000104
Event: 1.641 Thread 0x0000024b1986f260 Uncommon trap: reason=class_check action=maybe_recompile pc=0x0000024b24871024 method=jdk.internal.misc.Unsafe.allocateUninitializedArray(Ljava/lang/Class;I)Ljava/lang/Object; @ 51 c2
Event: 1.641 Thread 0x0000024b1986f260 DEOPT PACKING pc=0x0000024b24871024 sp=0x000000b5393f9f30
Event: 1.641 Thread 0x0000024b1986f260 DEOPT UNPACKING pc=0x0000024b242c69a3 sp=0x000000b5393f9eb8 mode 2
Event: 1.660 Thread 0x0000024b1986f260 DEOPT PACKING pc=0x0000024b1ce23c38 sp=0x000000b5393f9e90
Event: 1.660 Thread 0x0000024b1986f260 DEOPT UNPACKING pc=0x0000024b242c7143 sp=0x000000b5393f93a8 mode 0
Event: 1.913 Thread 0x0000024b1986f260 Uncommon trap: trap_request=0xffffff45 fr.pc=0x0000024b24844b58 relative=0x0000000000000618
Event: 1.913 Thread 0x0000024b1986f260 Uncommon trap: reason=unstable_if action=reinterpret pc=0x0000024b24844b58 method=java.lang.AbstractStringBuilder.append(Ljava/lang/String;)Ljava/lang/AbstractStringBuilder; @ 1 c2
Event: 1.913 Thread 0x0000024b1986f260 DEOPT PACKING pc=0x0000024b24844b58 sp=0x000000b5393fc390
Event: 1.913 Thread 0x0000024b1986f260 DEOPT UNPACKING pc=0x0000024b242c69a3 sp=0x000000b5393fc310 mode 2
Event: 1.914 Thread 0x0000024b1986f260 Uncommon trap: trap_request=0xffffff45 fr.pc=0x0000024b24854068 relative=0x0000000000000628
Event: 1.914 Thread 0x0000024b1986f260 Uncommon trap: reason=unstable_if action=reinterpret pc=0x0000024b24854068 method=java.lang.AbstractStringBuilder.append(Ljava/lang/String;)Ljava/lang/AbstractStringBuilder; @ 1 c2
Event: 1.914 Thread 0x0000024b1986f260 DEOPT PACKING pc=0x0000024b24854068 sp=0x000000b5393fc330
Event: 1.914 Thread 0x0000024b1986f260 DEOPT UNPACKING pc=0x0000024b242c69a3 sp=0x000000b5393fc318 mode 2
Event: 2.024 Thread 0x0000024b1986f260 Uncommon trap: trap_request=0xffffff45 fr.pc=0x0000024b2485b3f4 relative=0x0000000000000414
Event: 2.024 Thread 0x0000024b1986f260 Uncommon trap: reason=unstable_if action=reinterpret pc=0x0000024b2485b3f4 method=java.util.regex.Matcher.match(II)Z @ 76 c2
Event: 2.024 Thread 0x0000024b1986f260 DEOPT PACKING pc=0x0000024b2485b3f4 sp=0x000000b5393fb600
Event: 2.024 Thread 0x0000024b1986f260 DEOPT UNPACKING pc=0x0000024b242c69a3 sp=0x000000b5393fb5b8 mode 2

Classes unloaded (0 events):
No events

Classes redefined (0 events):
No events

Internal exceptions (20 events):
Event: 0.531 Thread 0x0000024b1986f260 Exception <a 'java/lang/NoSuchMethodError'{0x00000000a9bf2348}: 'int java.lang.invoke.DirectMethodHandle$Holder.invokeStaticInit(java.lang.Object, java.lang.Object)'> (0x00000000a9bf2348) 
thrown [s\src\hotspot\share\interpreter\linkResolver.cpp, line 771]
Event: 1.344 Thread 0x0000024b1986f260 Exception <a 'java/lang/NoSuchMethodError'{0x00000000a87030e0}: 'void java.lang.invoke.DirectMethodHandle$Holder.invokeStatic(java.lang.Object, java.lang.Object)'> (0x00000000a87030e0) 
thrown [s\src\hotspot\share\interpreter\linkResolver.cpp, line 771]
Event: 1.373 Thread 0x0000024b1986f260 Exception <a 'java/lang/NoClassDefFoundError'{0x00000000a87912f0}: org/slf4j/impl/StaticMarkerBinder> (0x00000000a87912f0) 
thrown [s\src\hotspot\share\classfile\systemDictionary.cpp, line 245]
Event: 1.400 Thread 0x0000024b1986f260 Exception <a 'java/lang/NoSuchMethodError'{0x00000000a9d321b0}: 'java.lang.Object java.lang.invoke.DirectMethodHandle$Holder.invokeVirtual(java.lang.Object, java.lang.Object, java.lang.Object, java.lang.Object, java.lang.Object, java.lang.Object, java.lang.Object)'> (0x00000000a9d321b0) 
thrown [s\src\hotspot\share\interpreter\linkResolver.cpp, line 771]
Event: 1.402 Thread 0x0000024b1986f260 Exception <a 'java/lang/NoSuchMethodError'{0x00000000a9d43770}: 'java.lang.Object java.lang.invoke.Invokers$Holder.invoker(java.lang.Object, java.lang.Object, java.lang.Object)'> (0x00000000a9d43770) 
thrown [s\src\hotspot\share\interpreter\linkResolver.cpp, line 771]
Event: 1.406 Thread 0x0000024b1986f260 Exception <a 'java/lang/NoSuchMethodError'{0x00000000a9d4c920}: 'java.lang.Object java.lang.invoke.DirectMethodHandle$Holder.invokeStatic(java.lang.Object, java.lang.Object, int)'> (0x00000000a9d4c920) 
thrown [s\src\hotspot\share\interpreter\linkResolver.cpp, line 771]
Event: 1.407 Thread 0x0000024b1986f260 Exception <a 'java/lang/NoSuchMethodError'{0x00000000a9d58610}: 'void java.lang.invoke.DelegatingMethodHandle$Holder.delegate(java.lang.Object, java.lang.Object, int, java.lang.Object)'> (0x00000000a9d58610) 
thrown [s\src\hotspot\share\interpreter\linkResolver.cpp, line 771]
Event: 1.408 Thread 0x0000024b1986f260 Exception <a 'java/lang/NoSuchMethodError'{0x00000000a9d5c7d8}: 'int java.lang.invoke.DirectMethodHandle$Holder.invokeSpecial(java.lang.Object, java.lang.Object, java.lang.Object)'> (0x00000000a9d5c7d8) 
thrown [s\src\hotspot\share\interpreter\linkResolver.cpp, line 771]
Event: 1.410 Thread 0x0000024b1986f260 Exception <a 'java/lang/NoSuchMethodError'{0x00000000a9d6f9f8}: 'java.lang.Object java.lang.invoke.Invokers$Holder.invokeExact_MT(java.lang.Object, java.lang.Object, java.lang.Object, java.lang.Object)'> (0x00000000a9d6f9f8) 
thrown [s\src\hotspot\share\interpreter\linkResolver.cpp, line 771]
Event: 1.559 Thread 0x0000024b1986f260 Exception <a 'java/lang/NoSuchMethodError'{0x00000000a9711dd0}: 'void java.lang.invoke.DirectMethodHandle$Holder.invokeSpecial(java.lang.Object, java.lang.Object, java.lang.Object)'> (0x00000000a9711dd0) 
thrown [s\src\hotspot\share\interpreter\linkResolver.cpp, line 771]
Event: 1.572 Thread 0x0000024b1986f260 Implicit null exception at 0x0000024b2485c88a to 0x0000024b2485cdd0
Event: 1.573 Thread 0x0000024b1986f260 Implicit null exception at 0x0000024b24849e0f to 0x0000024b2484a354
Event: 1.573 Thread 0x0000024b1986f260 Implicit null exception at 0x0000024b24866f8f to 0x0000024b24867005
Event: 1.594 Thread 0x0000024b1986f260 Exception <a 'java/lang/NoSuchMethodError'{0x00000000a9662788}: 'java.lang.Object java.lang.invoke.DirectMethodHandle$Holder.invokeStaticInit(java.lang.Object)'> (0x00000000a9662788) 
thrown [s\src\hotspot\share\interpreter\linkResolver.cpp, line 771]
Event: 1.706 Thread 0x0000024b1986f260 Exception <a 'java/lang/NoSuchMethodError'{0x00000000a921e248}: 'java.lang.Object java.lang.invoke.DirectMethodHandle$Holder.invokeStaticInit(java.lang.Object, int, int, int, int)'> (0x00000000a921e248) 
thrown [s\src\hotspot\share\interpreter\linkResolver.cpp, line 771]
Event: 1.773 Thread 0x0000024b1986f260 Exception <a 'java/lang/NoSuchMethodError'{0x00000000a9275990}: 'java.lang.Object java.lang.invoke.DirectMethodHandle$Holder.invokeStaticInit(java.lang.Object, java.lang.Object, int, int, int, int)'> (0x00000000a9275990) 
thrown [s\src\hotspot\share\interpreter\linkResolver.cpp, line 771]
Event: 1.886 Thread 0x0000024b1986f260 Exception <a 'java/lang/NoSuchMethodError'{0x00000000a92a3418}: 'void java.lang.invoke.DirectMethodHandle$Holder.invokeStatic(java.lang.Object, java.lang.Object, java.lang.Object)'> (0x00000000a92a3418) 
thrown [s\src\hotspot\share\interpreter\linkResolver.cpp, line 771]
Event: 1.913 Thread 0x0000024b1986f260 Implicit null exception at 0x0000024b24844572 to 0x0000024b24844b40
Event: 1.914 Thread 0x0000024b1986f260 Implicit null exception at 0x0000024b24853a72 to 0x0000024b24854050
Event: 11.802 Thread 0x0000024b1986f260 Exception <a 'sun/net/ConnectionResetException'{0x00000000a8e4b190}: Connection reset> (0x00000000a8e4b190) 
thrown [s\src\hotspot\share\prims\jni.cpp, line 550]

VM Operations (16 events):
Event: 0.255 Executing VM operation: HandshakeAllThreads
Event: 0.255 Executing VM operation: HandshakeAllThreads done
Event: 1.259 Executing VM operation: Cleanup
Event: 1.259 Executing VM operation: Cleanup done
Event: 1.383 Executing VM operation: G1CollectForAllocation
Event: 1.393 Executing VM operation: G1CollectForAllocation done
Event: 1.405 Executing VM operation: HandshakeAllThreads
Event: 1.405 Executing VM operation: HandshakeAllThreads done
Event: 1.663 Executing VM operation: HandshakeAllThreads
Event: 1.664 Executing VM operation: HandshakeAllThreads done
Event: 1.740 Executing VM operation: HandshakeAllThreads
Event: 1.740 Executing VM operation: HandshakeAllThreads done
Event: 2.741 Executing VM operation: Cleanup
Event: 2.741 Executing VM operation: Cleanup done
Event: 6.789 Executing VM operation: Cleanup
Event: 6.789 Executing VM operation: Cleanup done

Events (20 events):
Event: 3.134 loading class jdk/internal/reflect/ByteVectorImpl
Event: 3.134 loading class jdk/internal/reflect/ByteVector
Event: 3.134 loading class jdk/internal/reflect/ByteVector done
Event: 3.134 loading class jdk/internal/reflect/ByteVectorImpl done
Event: 3.134 loading class jdk/internal/reflect/ClassFileAssembler
Event: 3.134 loading class jdk/internal/reflect/ClassFileAssembler done
Event: 3.135 loading class jdk/internal/reflect/UTF8
Event: 3.135 loading class jdk/internal/reflect/UTF8 done
Event: 3.136 loading class jdk/internal/reflect/Label
Event: 3.136 loading class jdk/internal/reflect/Label done
Event: 3.136 loading class jdk/internal/reflect/Label$PatchInfo
Event: 3.136 loading class jdk/internal/reflect/Label$PatchInfo done
Event: 3.136 loading class jdk/internal/reflect/MethodAccessorGenerator$1
Event: 3.136 loading class jdk/internal/reflect/MethodAccessorGenerator$1 done
Event: 3.136 loading class jdk/internal/reflect/ClassDefiner
Event: 3.136 loading class jdk/internal/reflect/ClassDefiner done
Event: 3.136 loading class jdk/internal/reflect/ClassDefiner$1
Event: 3.136 loading class jdk/internal/reflect/ClassDefiner$1 done
Event: 11.801 loading class sun/net/ConnectionResetException
Event: 11.802 loading class sun/net/ConnectionResetException done


Dynamic libraries:
0x00007ff77a880000 - 0x00007ff77a88a000 	C:\Program Files\Android\Android Studio\jbr\bin\java.exe
0x00007ff9499b0000 - 0x00007ff949bc7000 	C:\Windows\SYSTEM32\ntdll.dll
0x00007ff949270000 - 0x00007ff949334000 	C:\Windows\System32\KERNEL32.DLL
0x00007ff946d70000 - 0x00007ff947127000 	C:\Windows\System32\KERNELBASE.dll
0x00007ff9475c0000 - 0x00007ff9476d1000 	C:\Windows\System32\ucrtbase.dll
0x00007ff929980000 - 0x00007ff929997000 	C:\Program Files\Android\Android Studio\jbr\bin\jli.dll
0x00007ff949340000 - 0x00007ff9494ef000 	C:\Windows\System32\USER32.dll
0x00007ff946cc0000 - 0x00007ff946ce6000 	C:\Windows\System32\win32u.dll
0x00007ff9489b0000 - 0x00007ff9489d9000 	C:\Windows\System32\GDI32.dll
0x00007ff947130000 - 0x00007ff947248000 	C:\Windows\System32\gdi32full.dll
0x00007ff947250000 - 0x00007ff9472ea000 	C:\Windows\System32\msvcp_win.dll
0x00007ff92dda0000 - 0x00007ff92ddbb000 	C:\Program Files\Android\Android Studio\jbr\bin\VCRUNTIME140.dll
0x00007ff927070000 - 0x00007ff927303000 	C:\Windows\WinSxS\amd64_microsoft.windows.common-controls_6595b64144ccf1df_6.0.22621.3672_none_2713b9d173822955\COMCTL32.dll
0x00007ff949780000 - 0x00007ff949827000 	C:\Windows\System32\msvcrt.dll
0x00007ff949880000 - 0x00007ff9498b1000 	C:\Windows\System32\IMM32.DLL
0x00007ff943e70000 - 0x00007ff943e7c000 	C:\Program Files\Android\Android Studio\jbr\bin\vcruntime140_1.dll
0x00007ff918ed0000 - 0x00007ff918f5d000 	C:\Program Files\Android\Android Studio\jbr\bin\msvcp140.dll
0x00007ff8a4d70000 - 0x00007ff8a59f3000 	C:\Program Files\Android\Android Studio\jbr\bin\server\jvm.dll
0x00007ff9488f0000 - 0x00007ff9489a2000 	C:\Windows\System32\ADVAPI32.dll
0x00007ff9498c0000 - 0x00007ff949968000 	C:\Windows\System32\sechost.dll
0x00007ff9472f0000 - 0x00007ff947318000 	C:\Windows\System32\bcrypt.dll
0x00007ff9476e0000 - 0x00007ff9477f4000 	C:\Windows\System32\RPCRT4.dll
0x00007ff946930000 - 0x00007ff94697d000 	C:\Windows\SYSTEM32\POWRPROF.dll
0x00007ff92e020000 - 0x00007ff92e029000 	C:\Windows\SYSTEM32\WSOCK32.dll
0x00007ff948770000 - 0x00007ff9487e1000 	C:\Windows\System32\WS2_32.dll
0x00007ff941400000 - 0x00007ff941434000 	C:\Windows\SYSTEM32\WINMM.dll
0x00007ff93d570000 - 0x00007ff93d57a000 	C:\Windows\SYSTEM32\VERSION.dll
0x00007ff946770000 - 0x00007ff946783000 	C:\Windows\SYSTEM32\UMPDC.dll
0x00007ff945cd0000 - 0x00007ff945ce8000 	C:\Windows\SYSTEM32\kernel.appcore.dll
0x00007ff9339a0000 - 0x00007ff9339aa000 	C:\Program Files\Android\Android Studio\jbr\bin\jimage.dll
0x00007ff93de50000 - 0x00007ff93e082000 	C:\Windows\SYSTEM32\DBGHELP.DLL
0x00007ff948b40000 - 0x00007ff948ece000 	C:\Windows\System32\combase.dll
0x00007ff949570000 - 0x00007ff949647000 	C:\Windows\System32\OLEAUT32.dll
0x00007ff9393e0000 - 0x00007ff939412000 	C:\Windows\SYSTEM32\dbgcore.DLL
0x00007ff946cf0000 - 0x00007ff946d6b000 	C:\Windows\System32\bcryptPrimitives.dll
0x00007ff9138b0000 - 0x00007ff9138d5000 	C:\Program Files\Android\Android Studio\jbr\bin\java.dll
0x00007ff929960000 - 0x00007ff929978000 	C:\Program Files\Android\Android Studio\jbr\bin\zip.dll
0x00007ff9479c0000 - 0x00007ff948229000 	C:\Windows\System32\SHELL32.dll
0x00007ff944be0000 - 0x00007ff9454df000 	C:\Windows\SYSTEM32\windows.storage.dll
0x00007ff944aa0000 - 0x00007ff944bdf000 	C:\Windows\SYSTEM32\wintypes.dll
0x00007ff949680000 - 0x00007ff949779000 	C:\Windows\System32\SHCORE.dll
0x00007ff9486b0000 - 0x00007ff94870e000 	C:\Windows\System32\shlwapi.dll
0x00007ff946bf0000 - 0x00007ff946c17000 	C:\Windows\SYSTEM32\profapi.dll
0x00007ff928eb0000 - 0x00007ff928ec9000 	C:\Program Files\Android\Android Studio\jbr\bin\net.dll
0x00007ff942b50000 - 0x00007ff942c86000 	C:\Windows\SYSTEM32\WINHTTP.dll
0x00007ff946130000 - 0x00007ff946199000 	C:\Windows\system32\mswsock.dll
0x00007ff918960000 - 0x00007ff918976000 	C:\Program Files\Android\Android Studio\jbr\bin\nio.dll
0x00007ff933730000 - 0x00007ff933740000 	C:\Program Files\Android\Android Studio\jbr\bin\verify.dll
0x00007ff927c70000 - 0x00007ff927c97000 	C:\Users\joaov\.gradle\native\68d5fa5c4cc2d200863cafc0d521ce42e7d3e7ee720ec0a83991735586a16f82\windows-amd64\native-platform.dll
0x00007ff92dd00000 - 0x00007ff92dd09000 	C:\Program Files\Android\Android Studio\jbr\bin\management.dll
0x00007ff927b00000 - 0x00007ff927b0b000 	C:\Program Files\Android\Android Studio\jbr\bin\management_ext.dll
0x00007ff949650000 - 0x00007ff949658000 	C:\Windows\System32\PSAPI.DLL
0x00007ff946480000 - 0x00007ff94649b000 	C:\Windows\SYSTEM32\CRYPTSP.dll
0x00007ff945c30000 - 0x00007ff945c65000 	C:\Windows\system32\rsaenh.dll
0x00007ff9461d0000 - 0x00007ff9461f8000 	C:\Windows\SYSTEM32\USERENV.dll
0x00007ff946460000 - 0x00007ff94646c000 	C:\Windows\SYSTEM32\CRYPTBASE.dll
0x00007ff945740000 - 0x00007ff94576d000 	C:\Windows\SYSTEM32\IPHLPAPI.DLL
0x00007ff948ff0000 - 0x00007ff948ff9000 	C:\Windows\System32\NSI.dll
0x00007ff9428f0000 - 0x00007ff942909000 	C:\Windows\SYSTEM32\dhcpcsvc6.DLL
0x00007ff9427c0000 - 0x00007ff9427df000 	C:\Windows\SYSTEM32\dhcpcsvc.DLL
0x00007ff945770000 - 0x00007ff945872000 	C:\Windows\SYSTEM32\DNSAPI.dll
0x00007ff927ab0000 - 0x00007ff927ab9000 	C:\Program Files\Android\Android Studio\jbr\bin\extnet.dll
0x00007ff92d6e0000 - 0x00007ff92d6e8000 	C:\Windows\system32\wshunix.dll

dbghelp: loaded successfully - version: 4.0.5 - missing functions: none
symbol engine: initialized successfully - sym options: 0x614 - pdb path: .;C:\Program Files\Android\Android Studio\jbr\bin;C:\Windows\SYSTEM32;C:\Windows\WinSxS\amd64_microsoft.windows.common-controls_6595b64144ccf1df_6.0.22621.3672_none_2713b9d173822955;C:\Program Files\Android\Android Studio\jbr\bin\server;C:\Users\joaov\.gradle\native\68d5fa5c4cc2d200863cafc0d521ce42e7d3e7ee720ec0a83991735586a16f82\windows-amd64

VM Arguments:
jvm_args: -Dorg.gradle.appname=gradlew 
java_command: org.gradle.wrapper.GradleWrapperMain -q -Ptarget-platform=android-x64 -Ptarget=C:\Users\joaov\Desktop\General\Study\Estudos Flutter\FlutterStudies\image\lib\main.dart -Pbase-application-name=android.app.Application -Pdart-obfuscation=false -Ptrack-widget-creation=true -Ptree-shake-icons=false -Pfilesystem-scheme=org-dartlang-root assembleDebug
java_class_path (initial): C:\Users\joaov\Desktop\General\Study\Estudos Flutter\FlutterStudies\image\android\\gradle\wrapper\gradle-wrapper.jar
Launcher Type: SUN_STANDARD

[Global flags]
     intx CICompilerCount                          = 4                                         {product} {ergonomic}
     uint ConcGCThreads                            = 2                                         {product} {ergonomic}
     uint G1ConcRefinementThreads                  = 8                                         {product} {ergonomic}
   size_t G1HeapRegionSize                         = 1048576                                   {product} {ergonomic}
    uintx GCDrainStackTargetSize                   = 64                                        {product} {ergonomic}
   size_t InitialHeapSize                          = 96468992                                  {product} {ergonomic}
   size_t MarkStackSize                            = 4194304                                   {product} {ergonomic}
   size_t MaxHeapSize                              = 1541406720                                {product} {ergonomic}
   size_t MaxNewSize                               = 924844032                                 {product} {ergonomic}
   size_t MinHeapDeltaBytes                        = 1048576                                   {product} {ergonomic}
   size_t MinHeapSize                              = 8388608                                   {product} {ergonomic}
    uintx NonNMethodCodeHeapSize                   = 5839372                                {pd product} {ergonomic}
    uintx NonProfiledCodeHeapSize                  = 122909434                              {pd product} {ergonomic}
    uintx ProfiledCodeHeapSize                     = 122909434                              {pd product} {ergonomic}
    uintx ReservedCodeCacheSize                    = 251658240                              {pd product} {ergonomic}
     bool SegmentedCodeCache                       = true                                      {product} {ergonomic}
   size_t SoftMaxHeapSize                          = 1541406720                             {manageable} {ergonomic}
     bool UseCompressedClassPointers               = true                           {product lp64_product} {ergonomic}
     bool UseCompressedOops                        = true                           {product lp64_product} {ergonomic}
     bool UseG1GC                                  = true                                      {product} {ergonomic}
     bool UseLargePagesIndividualAllocation        = false                                  {pd product} {ergonomic}

Logging:
Log output configuration:
 #0: stdout all=warning uptime,level,tags
 #1: stderr all=off uptime,level,tags

Environment Variables:
JAVA_HOME=C:\Program Files\Android\Android Studio\jbr
CLASSPATH=C:\Users\joaov\Desktop\General\Study\Estudos Flutter\FlutterStudies\image\android\\gradle\wrapper\gradle-wrapper.jar
PATH=C:\Program Files\Android\Android Studio\jbr\bin;C:\Program Files\Common Files\Oracle\Java\javapath;C:\Windows\system32;C:\Windows;C:\Windows\System32\Wbem;C:\Windows\System32\WindowsPowerShell\v1.0\;C:\Windows\System32\OpenSSH\;C:\Program Files\nodejs\;C:\Program Files\Git\cmd;C:\tools\php-8.3.10;C:\ProgramData\ComposerSetup\bin;C:\Users\joaov\.config\herd\bin\nvm;C:\Program Files\nodejs;C:\Users\joaov\.config\herd\bin;C:\Users\joaov\dev\flutter\bin;C:\Users\joaov\AppData\Local\Programs\Microsoft VS Code\bin;C:\Users\joaov\dev\flutter\bin\mingit\cmd;C:\Users\joaov\dev\flutter\bin\mingit\cmd
USERNAME=joaov
OS=Windows_NT
PROCESSOR_IDENTIFIER=AMD64 Family 23 Model 160 Stepping 0, AuthenticAMD
TMP=C:\Users\joaov\AppData\Local\Temp
TEMP=C:\Users\joaov\AppData\Local\Temp



Periodic native trim disabled

JNI global refs:
JNI global refs: 19, weak refs: 1

JNI global refs memory usage: 843, weak refs: 841

Process memory usage:
Resident Set Size: 92660K (1% of 6018300K total physical memory with 414276K free physical memory)

OOME stack traces (most recent first):
Classloader memory used:
