#
# There is insufficient memory for the Java Runtime Environment to continue.
# Native memory allocation (malloc) failed to allocate 32744 bytes. Error detail: ChunkPool::allocate
# Possible reasons:
#   The system is out of physical RAM or swap space
#   This process is running with CompressedOops enabled, and the Java Heap may be blocking the growth of the native heap
# Possible solutions:
#   Reduce memory load on the system
#   Increase physical memory or swap space
#   Check if swap backing store is full
#   Decrease Java heap size (-Xmx/-Xms)
#   Decrease number of Java threads
#   Decrease Java thread stack sizes (-Xss)
#   Set larger code cache with -XX:ReservedCodeCacheSize=
#   JVM is running with Zero Based Compressed Oops mode in which the Java heap is
#     placed in the first 32GB address space. The Java Heap base address is the
#     maximum limit for the native heap growth. Please use -XX:HeapBaseMinAddress
#     to set the Java Heap base and to place the Java Heap above 32GB virtual address.
# This output file may be truncated or incomplete.
#
#  Out of Memory Error (arena.cpp:79), pid=5588, tid=18780
#
# JRE version: OpenJDK Runtime Environment (17.0.11) (build 17.0.11+0--11852314)
# Java VM: OpenJDK 64-Bit Server VM (17.0.11+0--11852314, mixed mode, tiered, compressed oops, compressed class ptrs, g1 gc, windows-amd64)
# No core dump will be written. Minidumps are not enabled by default on client versions of Windows
#

---------------  S U M M A R Y ------------

Command Line: -XX:MaxMetaspaceSize=2G -XX:+HeapDumpOnOutOfMemoryError --add-opens=java.base/java.util=ALL-UNNAMED --add-opens=java.base/java.lang=ALL-UNNAMED --add-opens=java.base/java.lang.invoke=ALL-UNNAMED --add-opens=java.prefs/java.util.prefs=ALL-UNNAMED --add-opens=java.base/java.nio.charset=ALL-UNNAMED --add-opens=java.base/java.net=ALL-UNNAMED --add-opens=java.base/java.util.concurrent.atomic=ALL-UNNAMED -Xmx4G -Dfile.encoding=windows-1252 -Duser.country=GB -Duser.language=en -Duser.variant -javaagent:C:\Users\joaov\.gradle\wrapper\dists\gradle-8.3-all\6en3ugtfdg5xnpx44z4qbwgas\gradle-8.3\lib\agents\gradle-instrumentation-agent-8.3.jar org.gradle.launcher.daemon.bootstrap.GradleDaemon 8.3

Host: AMD Ryzen 5 7520U with Radeon Graphics         , 8 cores, 5G,  Windows 11 , 64 bit Build 22621 (10.0.22621.3958)
Time: Tue Nov 12 10:26:52 2024 E. South America Standard Time elapsed time: 320.758169 seconds (0d 0h 5m 20s)

---------------  T H R E A D  ---------------

Current thread (0x000001d82205a120):  JavaThread "C2 CompilerThread0" daemon [_thread_in_native, id=18780, stack(0x0000004aa2200000,0x0000004aa2300000)]


Current CompileTask:
C2: 320758 13302       4       java.util.concurrent.locks.AbstractQueuedSynchronizer$ConditionObject::awaitNanos (200 bytes)

Stack: [0x0000004aa2200000,0x0000004aa2300000]
Native frames: (J=compiled Java code, j=interpreted, Vv=VM code, C=native code)
V  [jvm.dll+0x687bb9]
V  [jvm.dll+0x84142a]
V  [jvm.dll+0x8430ae]
V  [jvm.dll+0x843713]
V  [jvm.dll+0x24a35f]
V  [jvm.dll+0xac741]
V  [jvm.dll+0xacb8c]
V  [jvm.dll+0x345075]
V  [jvm.dll+0x566686]
V  [jvm.dll+0x5631a3]
V  [jvm.dll+0x567905]
V  [jvm.dll+0x554c23]
V  [jvm.dll+0x2b0b64]
V  [jvm.dll+0x6a0005]
V  [jvm.dll+0x697fbb]
V  [jvm.dll+0x6975f7]
V  [jvm.dll+0x6954e2]
V  [jvm.dll+0x1a964c]
V  [jvm.dll+0x1aa1e6]
V  [jvm.dll+0x2b0b64]
V  [jvm.dll+0x6a0005]
V  [jvm.dll+0x697fbb]
V  [jvm.dll+0x6975f7]
V  [jvm.dll+0x6954e2]
V  [jvm.dll+0x1a964c]
V  [jvm.dll+0x1aa1e6]
V  [jvm.dll+0x2b0b64]
V  [jvm.dll+0x6a0005]
V  [jvm.dll+0x697fbb]
V  [jvm.dll+0x6975f7]
V  [jvm.dll+0x6954e2]
V  [jvm.dll+0x1a964c]
V  [jvm.dll+0x2b0b64]
V  [jvm.dll+0x6a0005]
V  [jvm.dll+0x697fbb]
V  [jvm.dll+0x6975f7]
V  [jvm.dll+0x6954e2]
V  [jvm.dll+0x1a964c]
V  [jvm.dll+0x1aa1e6]
V  [jvm.dll+0x2b0b64]
V  [jvm.dll+0x6a0005]
V  [jvm.dll+0x697fbb]
V  [jvm.dll+0x6975f7]
V  [jvm.dll+0x6954e2]
V  [jvm.dll+0x1a964c]
V  [jvm.dll+0x1aa1e6]
V  [jvm.dll+0x2b0b64]
V  [jvm.dll+0x6a0005]
V  [jvm.dll+0x697fbb]
V  [jvm.dll+0x6975f7]
V  [jvm.dll+0x6954e2]
V  [jvm.dll+0x1a964c]
V  [jvm.dll+0x21aec8]
V  [jvm.dll+0x1a63ed]
V  [jvm.dll+0x22b1ee]
V  [jvm.dll+0x229375]
V  [jvm.dll+0x7f5647]
V  [jvm.dll+0x7efa4a]
V  [jvm.dll+0x686a35]
C  [ucrtbase.dll+0x29333]
C  [KERNEL32.DLL+0x1257d]
C  [ntdll.dll+0x5af08]


---------------  P R O C E S S  ---------------

Threads class SMR info:
_java_thread_list=0x000001d8269ec3c0, length=80, elements={
0x000001d87f25d4e0, 0x000001d81dd66010, 0x000001d81dd68ea0, 0x000001d81dd8db00,
0x000001d81dd8e5d0, 0x000001d822040220, 0x000001d822055010, 0x000001d82205a120,
0x000001d82205aa30, 0x000001d82206de40, 0x000001d8221d1fe0, 0x000001d8222ac830,
0x000001d822dc7b40, 0x000001d823b74f50, 0x000001d82371e8c0, 0x000001d823d39d00,
0x000001d823d3a210, 0x000001d823d3b140, 0x000001d823d3ac30, 0x000001d823d3b650,
0x000001d823aa1c90, 0x000001d823a9f920, 0x000001d823a9e9f0, 0x000001d823aa0d60,
0x000001d823aa3af0, 0x000001d823aa0340, 0x000001d823aa1270, 0x000001d823aa4000,
0x000001d823aa5440, 0x000001d823aa21a0, 0x000001d823aa26b0, 0x000001d8269bcf10,
0x000001d826365b80, 0x000001d826360f90, 0x000001d8263665a0, 0x000001d826360060,
0x000001d826366090, 0x000001d8263619b0, 0x000001d826366fc0, 0x000001d826361ec0,
0x000001d8263628e0, 0x000001d826363810, 0x000001d826362df0, 0x000001d826366ab0,
0x000001d826364c50, 0x000001d826364740, 0x000001d826363300, 0x000001d826363d20,
0x000001d826364230, 0x000001d826365670, 0x000001d826360a80, 0x000001d8263674d0,
0x000001d8263679e0, 0x000001d826360570, 0x000001d8269b8d40, 0x000001d8269b9c70,
0x000001d8269bfca0, 0x000001d8269bbad0, 0x000001d8269bd420, 0x000001d8269bde40,
0x000001d8269c06c0, 0x000001d8269be860, 0x000001d8269bb5c0, 0x000001d8269bed70,
0x000001d8269bf280, 0x000001d8269bf790, 0x000001d8269c01b0, 0x000001d8269bbfe0,
0x000001d8269bb0b0, 0x000001d8269b9760, 0x000001d8269be350, 0x000001d8269ba690,
0x000001d8269bc4f0, 0x000001d8269baba0, 0x000001d823a9e4e0, 0x000001d823a9dfd0,
0x000001d823a9f410, 0x000001d823aa1780, 0x000001d823a9ef00, 0x000001d823aa4a20
}

Java Threads: ( => current thread )
  0x000001d87f25d4e0 JavaThread "main" [_thread_blocked, id=164, stack(0x0000004aa1500000,0x0000004aa1600000)]
  0x000001d81dd66010 JavaThread "Reference Handler" daemon [_thread_blocked, id=4252, stack(0x0000004aa1c00000,0x0000004aa1d00000)]
  0x000001d81dd68ea0 JavaThread "Finalizer" daemon [_thread_blocked, id=19272, stack(0x0000004aa1d00000,0x0000004aa1e00000)]
  0x000001d81dd8db00 JavaThread "Signal Dispatcher" daemon [_thread_blocked, id=1540, stack(0x0000004aa1e00000,0x0000004aa1f00000)]
  0x000001d81dd8e5d0 JavaThread "Attach Listener" daemon [_thread_blocked, id=7896, stack(0x0000004aa1f00000,0x0000004aa2000000)]
  0x000001d822040220 JavaThread "Service Thread" daemon [_thread_blocked, id=16308, stack(0x0000004aa2000000,0x0000004aa2100000)]
  0x000001d822055010 JavaThread "Monitor Deflation Thread" daemon [_thread_blocked, id=14908, stack(0x0000004aa2100000,0x0000004aa2200000)]
=>0x000001d82205a120 JavaThread "C2 CompilerThread0" daemon [_thread_in_native, id=18780, stack(0x0000004aa2200000,0x0000004aa2300000)]
  0x000001d82205aa30 JavaThread "C1 CompilerThread0" daemon [_thread_blocked, id=4612, stack(0x0000004aa2300000,0x0000004aa2400000)]
  0x000001d82206de40 JavaThread "Sweeper thread" daemon [_thread_blocked, id=2164, stack(0x0000004aa2400000,0x0000004aa2500000)]
  0x000001d8221d1fe0 JavaThread "Common-Cleaner" daemon [_thread_blocked, id=4760, stack(0x0000004aa2500000,0x0000004aa2600000)]
  0x000001d8222ac830 JavaThread "Notification Thread" daemon [_thread_blocked, id=10168, stack(0x0000004aa2600000,0x0000004aa2700000)]
  0x000001d822dc7b40 JavaThread "Daemon health stats" [_thread_blocked, id=10060, stack(0x0000004aa2c00000,0x0000004aa2d00000)]
  0x000001d823b74f50 JavaThread "Incoming local TCP Connector on port 63842" [_thread_in_native, id=6012, stack(0x0000004aa2d00000,0x0000004aa2e00000)]
  0x000001d82371e8c0 JavaThread "Daemon periodic checks" [_thread_blocked, id=16004, stack(0x0000004aa2e00000,0x0000004aa2f00000)]
  0x000001d823d39d00 JavaThread "Cache worker for journal cache (C:\Users\joaov\.gradle\caches\journal-1)" [_thread_blocked, id=14668, stack(0x0000004aa3a00000,0x0000004aa3b00000)]
  0x000001d823d3a210 JavaThread "File lock request listener" [_thread_in_native, id=9552, stack(0x0000004aa3b00000,0x0000004aa3c00000)]
  0x000001d823d3b140 JavaThread "Cache worker for file hash cache (C:\Users\joaov\.gradle\caches\8.3\fileHashes)" [_thread_blocked, id=8056, stack(0x0000004aa3c00000,0x0000004aa3d00000)]
  0x000001d823d3ac30 JavaThread "File watcher server" daemon [_thread_in_native, id=18492, stack(0x0000004aa3d00000,0x0000004aa3e00000)]
  0x000001d823d3b650 JavaThread "File watcher consumer" daemon [_thread_blocked, id=7492, stack(0x0000004aa3e00000,0x0000004aa3f00000)]
  0x000001d823aa1c90 JavaThread "Cache worker for file content cache (C:\Users\joaov\.gradle\caches\8.3\fileContent)" [_thread_blocked, id=14676, stack(0x0000004aa4200000,0x0000004aa4300000)]
  0x000001d823a9f920 JavaThread "Cache worker for execution history cache (C:\Users\joaov\.gradle\caches\8.3\executionHistory)" [_thread_blocked, id=19808, stack(0x0000004aa4400000,0x0000004aa4500000)]
  0x000001d823a9e9f0 JavaThread "jar transforms" [_thread_blocked, id=20108, stack(0x0000004aa4600000,0x0000004aa4700000)]
  0x000001d823aa0d60 JavaThread "Cache worker for kotlin-dsl (C:\Users\joaov\.gradle\caches\8.3\kotlin-dsl)" [_thread_blocked, id=14624, stack(0x0000004aa4700000,0x0000004aa4800000)]
  0x000001d823aa3af0 JavaThread "jar transforms Thread 2" [_thread_blocked, id=8668, stack(0x0000004aa4800000,0x0000004aa4900000)]
  0x000001d823aa0340 JavaThread "jar transforms Thread 3" [_thread_blocked, id=20356, stack(0x0000004aa4900000,0x0000004aa4a00000)]
  0x000001d823aa1270 JavaThread "jar transforms Thread 4" [_thread_blocked, id=15512, stack(0x0000004aa4c00000,0x0000004aa4d00000)]
  0x000001d823aa4000 JavaThread "jar transforms Thread 5" [_thread_blocked, id=18728, stack(0x0000004aa4d00000,0x0000004aa4e00000)]
  0x000001d823aa5440 JavaThread "Memory manager" [_thread_blocked, id=16952, stack(0x0000004aa4e00000,0x0000004aa4f00000)]
  0x000001d823aa21a0 JavaThread "jar transforms Thread 6" [_thread_blocked, id=16636, stack(0x0000004aa4f00000,0x0000004aa5000000)]
  0x000001d823aa26b0 JavaThread "jar transforms Thread 7" [_thread_blocked, id=9260, stack(0x0000004aa5000000,0x0000004aa5100000)]
  0x000001d8269bcf10 JavaThread "jar transforms Thread 8" [_thread_blocked, id=18232, stack(0x0000004aa6800000,0x0000004aa6900000)]
  0x000001d826365b80 JavaThread "Daemon Thread 2" [_thread_blocked, id=17764, stack(0x0000004aa1300000,0x0000004aa1400000)]
  0x000001d826360f90 JavaThread "Handler for socket connection from /127.0.0.1:63842 to /127.0.0.1:64187" [_thread_in_native, id=5472, stack(0x0000004aa1400000,0x0000004aa1500000)]
  0x000001d8263665a0 JavaThread "Cancel handler" [_thread_blocked, id=16288, stack(0x0000004aa2f00000,0x0000004aa3000000)]
  0x000001d826360060 JavaThread "Daemon worker Thread 2" [_thread_blocked, id=16452, stack(0x0000004aa3000000,0x0000004aa3100000)]
  0x000001d826366090 JavaThread "Asynchronous log dispatcher for DefaultDaemonConnection: socket connection from /127.0.0.1:63842 to /127.0.0.1:64187" [_thread_blocked, id=14672, stack(0x0000004aa3100000,0x0000004aa3200000)]
  0x000001d8263619b0 JavaThread "Stdin handler" [_thread_blocked, id=17372, stack(0x0000004aa3200000,0x0000004aa3300000)]
  0x000001d826366fc0 JavaThread "Daemon client event forwarder" [_thread_blocked, id=12200, stack(0x0000004aa3300000,0x0000004aa3400000)]
  0x000001d826361ec0 JavaThread "Cache worker for checksums cache (C:\Users\joaov\Desktop\General\Study\Estudos Flutter\FlutterStudies\image\android\.gradle\8.3\checksums)" [_thread_blocked, id=16916, stack(0x0000004aa3400000,0x0000004aa3500000)]
  0x000001d8263628e0 JavaThread "Cache worker for file hash cache (C:\Users\joaov\Desktop\General\Study\Estudos Flutter\FlutterStudies\image\android\.gradle\8.3\fileHashes)" [_thread_blocked, id=14180, stack(0x0000004aa3500000,0x0000004aa3600000)]
  0x000001d826363810 JavaThread "Cache worker for cache directory md-supplier (C:\Users\joaov\.gradle\caches\8.3\md-supplier)" [_thread_blocked, id=20088, stack(0x0000004aa3f00000,0x0000004aa4000000)]
  0x000001d826362df0 JavaThread "Cache worker for cache directory md-rule (C:\Users\joaov\.gradle\caches\8.3\md-rule)" [_thread_blocked, id=12624, stack(0x0000004aa4000000,0x0000004aa4100000)]
  0x000001d826366ab0 JavaThread "Cache worker for dependencies-accessors (C:\Users\joaov\Desktop\General\Study\Estudos Flutter\FlutterStudies\image\android\.gradle\8.3\dependencies-accessors)" [_thread_blocked, id=6516, stack(0x0000004aa4100000,0x0000004aa4200000)]
  0x000001d826364c50 JavaThread "Cache worker for Build Output Cleanup Cache (C:\Users\joaov\dev\flutter\packages\flutter_tools\gradle\.gradle\buildOutputCleanup)" [_thread_blocked, id=1936, stack(0x0000004aa4300000,0x0000004aa4400000)]
  0x000001d826364740 JavaThread "included builds" [_thread_blocked, id=4888, stack(0x0000004aa4b00000,0x0000004aa4c00000)]
  0x000001d826363300 JavaThread "Execution worker" [_thread_blocked, id=16880, stack(0x0000004aa5100000,0x0000004aa5200000)]
  0x000001d826363d20 JavaThread "Execution worker Thread 2" [_thread_blocked, id=2540, stack(0x0000004aa5200000,0x0000004aa5300000)]
  0x000001d826364230 JavaThread "Execution worker Thread 3" [_thread_blocked, id=19100, stack(0x0000004aa5300000,0x0000004aa5400000)]
  0x000001d826365670 JavaThread "Execution worker Thread 4" [_thread_blocked, id=15628, stack(0x0000004aa5400000,0x0000004aa5500000)]
  0x000001d826360a80 JavaThread "Execution worker Thread 5" [_thread_blocked, id=13972, stack(0x0000004aa5500000,0x0000004aa5600000)]
  0x000001d8263674d0 JavaThread "Execution worker Thread 6" [_thread_blocked, id=1084, stack(0x0000004aa5600000,0x0000004aa5700000)]
  0x000001d8263679e0 JavaThread "Execution worker Thread 7" [_thread_blocked, id=13216, stack(0x0000004aa5700000,0x0000004aa5800000)]
  0x000001d826360570 JavaThread "Cache worker for execution history cache (C:\Users\joaov\dev\flutter\packages\flutter_tools\gradle\.gradle\8.3\executionHistory)" [_thread_blocked, id=2716, stack(0x0000004aa5800000,0x0000004aa5900000)]
  0x000001d8269b8d40 JavaThread "Unconstrained build operations" [_thread_blocked, id=20452, stack(0x0000004aa5900000,0x0000004aa5a00000)]
  0x000001d8269b9c70 JavaThread "Unconstrained build operations Thread 2" [_thread_blocked, id=20656, stack(0x0000004aa5a00000,0x0000004aa5b00000)]
  0x000001d8269bfca0 JavaThread "Unconstrained build operations Thread 3" [_thread_blocked, id=13264, stack(0x0000004aa5b00000,0x0000004aa5c00000)]
  0x000001d8269bbad0 JavaThread "Unconstrained build operations Thread 4" [_thread_blocked, id=15060, stack(0x0000004aa5c00000,0x0000004aa5d00000)]
  0x000001d8269bd420 JavaThread "Unconstrained build operations Thread 5" [_thread_blocked, id=16676, stack(0x0000004aa5d00000,0x0000004aa5e00000)]
  0x000001d8269bde40 JavaThread "Unconstrained build operations Thread 6" [_thread_blocked, id=12368, stack(0x0000004aa5e00000,0x0000004aa5f00000)]
  0x000001d8269c06c0 JavaThread "Unconstrained build operations Thread 7" [_thread_blocked, id=17656, stack(0x0000004aa5f00000,0x0000004aa6000000)]
  0x000001d8269be860 JavaThread "Unconstrained build operations Thread 8" [_thread_blocked, id=6628, stack(0x0000004aa6000000,0x0000004aa6100000)]
  0x000001d8269bb5c0 JavaThread "Unconstrained build operations Thread 9" [_thread_blocked, id=12660, stack(0x0000004aa6100000,0x0000004aa6200000)]
  0x000001d8269bed70 JavaThread "Unconstrained build operations Thread 10" [_thread_blocked, id=20372, stack(0x0000004aa6200000,0x0000004aa6300000)]
  0x000001d8269bf280 JavaThread "Unconstrained build operations Thread 11" [_thread_blocked, id=2960, stack(0x0000004aa6300000,0x0000004aa6400000)]
  0x000001d8269bf790 JavaThread "Unconstrained build operations Thread 12" [_thread_blocked, id=18168, stack(0x0000004aa6400000,0x0000004aa6500000)]
  0x000001d8269c01b0 JavaThread "Unconstrained build operations Thread 13" [_thread_blocked, id=11436, stack(0x0000004aa6500000,0x0000004aa6600000)]
  0x000001d8269bbfe0 JavaThread "Unconstrained build operations Thread 14" [_thread_blocked, id=15308, stack(0x0000004aa6600000,0x0000004aa6700000)]
  0x000001d8269bb0b0 JavaThread "Cache worker for Build Output Cleanup Cache (C:\Users\joaov\Desktop\General\Study\Estudos Flutter\FlutterStudies\image\android\.gradle\buildOutputCleanup)" [_thread_blocked, id=13128, stack(0x0000004aa6700000,0x0000004aa6800000)]
  0x000001d8269b9760 JavaThread "Unconstrained build operations Thread 15" [_thread_blocked, id=20544, stack(0x0000004aa6900000,0x0000004aa6a00000)]
  0x000001d8269be350 JavaThread "Unconstrained build operations Thread 16" [_thread_blocked, id=20640, stack(0x0000004aa6a00000,0x0000004aa6b00000)]
  0x000001d8269ba690 JavaThread "Unconstrained build operations Thread 17" [_thread_blocked, id=19668, stack(0x0000004aa6b00000,0x0000004aa6c00000)]
  0x000001d8269bc4f0 JavaThread "Unconstrained build operations Thread 18" [_thread_blocked, id=3796, stack(0x0000004aa6c00000,0x0000004aa6d00000)]
  0x000001d8269baba0 JavaThread "Unconstrained build operations Thread 19" [_thread_blocked, id=8908, stack(0x0000004aa6d00000,0x0000004aa6e00000)]
  0x000001d823a9e4e0 JavaThread "Unconstrained build operations Thread 20" [_thread_blocked, id=13388, stack(0x0000004aa6e00000,0x0000004aa6f00000)]
  0x000001d823a9dfd0 JavaThread "Unconstrained build operations Thread 21" [_thread_blocked, id=14892, stack(0x0000004aa6f00000,0x0000004aa7000000)]
  0x000001d823a9f410 JavaThread "Cache worker for execution history cache (C:\Users\joaov\Desktop\General\Study\Estudos Flutter\FlutterStudies\image\android\.gradle\8.3\executionHistory)" [_thread_blocked, id=7820, stack(0x0000004aa7000000,0x0000004aa7100000)]
  0x000001d823aa1780 JavaThread "Exec process Thread 4" [_thread_in_native, id=20840, stack(0x0000004aa7100000,0x0000004aa7200000)]
  0x000001d823a9ef00 JavaThread "Exec process Thread 5" [_thread_in_native, id=12116, stack(0x0000004aa7200000,0x0000004aa7300000)]
  0x000001d823aa4a20 JavaThread "Exec process Thread 6" [_thread_in_native, id=12260, stack(0x0000004aa7300000,0x0000004aa7400000)]

Other Threads:
  0x000001d81dd1dda0 VMThread "VM Thread" [stack: 0x0000004aa1b00000,0x0000004aa1c00000] [id=3120]
  0x000001d822268970 WatcherThread [stack: 0x0000004aa2700000,0x0000004aa2800000] [id=716]
  0x000001d87f2cec90 GCTaskThread "GC Thread#0" [stack: 0x0000004aa1600000,0x0000004aa1700000] [id=4492]
  0x000001d822efeae0 GCTaskThread "GC Thread#1" [stack: 0x0000004aa2800000,0x0000004aa2900000] [id=4100]
  0x000001d822dade80 GCTaskThread "GC Thread#2" [stack: 0x0000004aa2900000,0x0000004aa2a00000] [id=11904]
  0x000001d822bfec10 GCTaskThread "GC Thread#3" [stack: 0x0000004aa2a00000,0x0000004aa2b00000] [id=19364]
  0x000001d822ee6e30 GCTaskThread "GC Thread#4" [stack: 0x0000004aa2b00000,0x0000004aa2c00000] [id=15684]
  0x000001d823c59850 GCTaskThread "GC Thread#5" [stack: 0x0000004aa3600000,0x0000004aa3700000] [id=10124]
  0x000001d823eda730 GCTaskThread "GC Thread#6" [stack: 0x0000004aa3700000,0x0000004aa3800000] [id=10232]
  0x000001d823bede20 GCTaskThread "GC Thread#7" [stack: 0x0000004aa3800000,0x0000004aa3900000] [id=9712]
  0x000001d87f2dfbe0 ConcurrentGCThread "G1 Main Marker" [stack: 0x0000004aa1700000,0x0000004aa1800000] [id=1248]
  0x000001d87f2e0600 ConcurrentGCThread "G1 Conc#0" [stack: 0x0000004aa1800000,0x0000004aa1900000] [id=19184]
  0x000001d8232b5c80 ConcurrentGCThread "G1 Conc#1" [stack: 0x0000004aa3900000,0x0000004aa3a00000] [id=5960]
  0x000001d87f30e7d0 ConcurrentGCThread "G1 Refine#0" [stack: 0x0000004aa1900000,0x0000004aa1a00000] [id=10024]
  0x000001d825512400 ConcurrentGCThread "G1 Refine#1" [stack: 0x0000004aa4500000,0x0000004aa4600000] [id=13696]
  0x000001d81dbd03d0 ConcurrentGCThread "G1 Service" [stack: 0x0000004aa1a00000,0x0000004aa1b00000] [id=556]

Threads with active compile tasks:
C2 CompilerThread0   320836 13302       4       java.util.concurrent.locks.AbstractQueuedSynchronizer$ConditionObject::awaitNanos (200 bytes)

VM state: not at safepoint (normal execution)

VM Mutex/Monitor currently owned by a thread: None

Heap address: 0x0000000700000000, size: 4096 MB, Compressed Oops mode: Zero based, Oop shift amount: 3

CDS archive(s) not mapped
Compressed class space mapped at: 0x0000000800000000-0x0000000840000000, reserved size: 1073741824
Narrow klass base: 0x0000000800000000, Narrow klass shift: 0, Narrow klass range: 0x40000000

GC Precious Log:
 CPUs: 8 total, 8 available
 Memory: 5877M
 Large Page Support: Disabled
 NUMA Support: Disabled
 Compressed Oops: Enabled (Zero based)
 Heap Region Size: 2M
 Heap Min Capacity: 8M
 Heap Initial Capacity: 92M
 Heap Max Capacity: 4G
 Pre-touch: Disabled
 Parallel Workers: 8
 Concurrent Workers: 2
 Concurrent Refinement Workers: 8
 Periodic GC: Disabled

Heap:
 garbage-first heap   total 235520K, used 149504K [0x0000000700000000, 0x0000000800000000)
  region size 2048K, 11 young (22528K), 1 survivors (2048K)
 Metaspace       used 110468K, committed 111424K, reserved 1179648K
  class space    used 15280K, committed 15744K, reserved 1048576K

Heap Regions: E=young(eden), S=young(survivor), O=old, HS=humongous(starts), HC=humongous(continues), CS=collection set, F=free, OA=open archive, CA=closed archive, TAMS=top-at-mark-start (previous, next)
|   0|0x0000000700000000, 0x0000000700200000, 0x0000000700200000|100%|HS|  |TAMS 0x0000000700200000, 0x0000000700000000| Complete 
|   1|0x0000000700200000, 0x0000000700400000, 0x0000000700400000|100%|HC|  |TAMS 0x0000000700400000, 0x0000000700200000| Complete 
|   2|0x0000000700400000, 0x0000000700600000, 0x0000000700600000|100%| O|  |TAMS 0x0000000700600000, 0x0000000700400000| Untracked 
|   3|0x0000000700600000, 0x0000000700800000, 0x0000000700800000|100%| O|  |TAMS 0x0000000700800000, 0x0000000700600000| Untracked 
|   4|0x0000000700800000, 0x0000000700a00000, 0x0000000700a00000|100%| O|  |TAMS 0x0000000700a00000, 0x0000000700800000| Untracked 
|   5|0x0000000700a00000, 0x0000000700c00000, 0x0000000700c00000|100%| O|  |TAMS 0x0000000700c00000, 0x0000000700a00000| Untracked 
|   6|0x0000000700c00000, 0x0000000700e00000, 0x0000000700e00000|100%| O|  |TAMS 0x0000000700e00000, 0x0000000700c00000| Untracked 
|   7|0x0000000700e00000, 0x0000000701000000, 0x0000000701000000|100%| O|  |TAMS 0x0000000701000000, 0x0000000700e00000| Untracked 
|   8|0x0000000701000000, 0x0000000701200000, 0x0000000701200000|100%| O|  |TAMS 0x0000000701200000, 0x0000000701000000| Untracked 
|   9|0x0000000701200000, 0x0000000701200000, 0x0000000701400000|  0%| F|  |TAMS 0x0000000701200000, 0x0000000701200000| Untracked 
|  10|0x0000000701400000, 0x0000000701600000, 0x0000000701600000|100%| O|  |TAMS 0x0000000701600000, 0x0000000701400000| Untracked 
|  11|0x0000000701600000, 0x0000000701800000, 0x0000000701800000|100%| O|  |TAMS 0x0000000701800000, 0x0000000701600000| Untracked 
|  12|0x0000000701800000, 0x0000000701a00000, 0x0000000701a00000|100%| O|  |TAMS 0x0000000701a00000, 0x0000000701800000| Untracked 
|  13|0x0000000701a00000, 0x0000000701c00000, 0x0000000701c00000|100%| O|  |TAMS 0x0000000701c00000, 0x0000000701a00000| Untracked 
|  14|0x0000000701c00000, 0x0000000701e00000, 0x0000000701e00000|100%| O|  |TAMS 0x0000000701e00000, 0x0000000701c00000| Untracked 
|  15|0x0000000701e00000, 0x0000000702000000, 0x0000000702000000|100%| O|  |TAMS 0x0000000702000000, 0x0000000701e00000| Untracked 
|  16|0x0000000702000000, 0x0000000702200000, 0x0000000702200000|100%| O|  |TAMS 0x0000000702200000, 0x0000000702000000| Untracked 
|  17|0x0000000702200000, 0x0000000702400000, 0x0000000702400000|100%| O|  |TAMS 0x0000000702400000, 0x0000000702200000| Untracked 
|  18|0x0000000702400000, 0x0000000702600000, 0x0000000702600000|100%| O|  |TAMS 0x0000000702600000, 0x0000000702400000| Untracked 
|  19|0x0000000702600000, 0x0000000702800000, 0x0000000702800000|100%| O|  |TAMS 0x0000000702800000, 0x0000000702600000| Untracked 
|  20|0x0000000702800000, 0x0000000702a00000, 0x0000000702a00000|100%| O|  |TAMS 0x0000000702a00000, 0x0000000702800000| Untracked 
|  21|0x0000000702a00000, 0x0000000702c00000, 0x0000000702c00000|100%| O|  |TAMS 0x0000000702c00000, 0x0000000702a00000| Untracked 
|  22|0x0000000702c00000, 0x0000000702e00000, 0x0000000702e00000|100%|HS|  |TAMS 0x0000000702e00000, 0x0000000702c00000| Complete 
|  23|0x0000000702e00000, 0x0000000703000000, 0x0000000703000000|100%| O|  |TAMS 0x0000000703000000, 0x0000000702e00000| Untracked 
|  24|0x0000000703000000, 0x0000000703200000, 0x0000000703200000|100%|HS|  |TAMS 0x0000000703200000, 0x0000000703000000| Complete 
|  25|0x0000000703200000, 0x0000000703400000, 0x0000000703400000|100%|HC|  |TAMS 0x0000000703400000, 0x0000000703200000| Complete 
|  26|0x0000000703400000, 0x0000000703600000, 0x0000000703600000|100%| O|  |TAMS 0x0000000703600000, 0x0000000703400000| Untracked 
|  27|0x0000000703600000, 0x0000000703800000, 0x0000000703800000|100%| O|  |TAMS 0x0000000703800000, 0x0000000703600000| Untracked 
|  28|0x0000000703800000, 0x0000000703a00000, 0x0000000703a00000|100%| O|  |TAMS 0x0000000703a00000, 0x0000000703800000| Untracked 
|  29|0x0000000703a00000, 0x0000000703c00000, 0x0000000703c00000|100%| O|  |TAMS 0x0000000703c00000, 0x0000000703a00000| Untracked 
|  30|0x0000000703c00000, 0x0000000703e00000, 0x0000000703e00000|100%|HS|  |TAMS 0x0000000703e00000, 0x0000000703c00000| Complete 
|  31|0x0000000703e00000, 0x0000000704000000, 0x0000000704000000|100%| O|  |TAMS 0x0000000704000000, 0x0000000703e00000| Untracked 
|  32|0x0000000704000000, 0x0000000704200000, 0x0000000704200000|100%| O|  |TAMS 0x0000000704200000, 0x0000000704000000| Untracked 
|  33|0x0000000704200000, 0x0000000704400000, 0x0000000704400000|100%| O|  |TAMS 0x0000000704400000, 0x0000000704200000| Untracked 
|  34|0x0000000704400000, 0x0000000704600000, 0x0000000704600000|100%| O|  |TAMS 0x0000000704600000, 0x0000000704400000| Untracked 
|  35|0x0000000704600000, 0x0000000704800000, 0x0000000704800000|100%| O|  |TAMS 0x0000000704800000, 0x0000000704600000| Untracked 
|  36|0x0000000704800000, 0x0000000704a00000, 0x0000000704a00000|100%| O|  |TAMS 0x0000000704a00000, 0x0000000704800000| Untracked 
|  37|0x0000000704a00000, 0x0000000704c00000, 0x0000000704c00000|100%|HS|  |TAMS 0x0000000704c00000, 0x0000000704a00000| Complete 
|  38|0x0000000704c00000, 0x0000000704e00000, 0x0000000704e00000|100%|HC|  |TAMS 0x0000000704e00000, 0x0000000704c00000| Complete 
|  39|0x0000000704e00000, 0x0000000705000000, 0x0000000705000000|100%| O|  |TAMS 0x0000000705000000, 0x0000000704e00000| Untracked 
|  40|0x0000000705000000, 0x0000000705200000, 0x0000000705200000|100%| O|  |TAMS 0x0000000705200000, 0x0000000705000000| Untracked 
|  41|0x0000000705200000, 0x0000000705400000, 0x0000000705400000|100%| O|  |TAMS 0x0000000705400000, 0x0000000705200000| Untracked 
|  42|0x0000000705400000, 0x0000000705600000, 0x0000000705600000|100%|HS|  |TAMS 0x0000000705600000, 0x0000000705400000| Complete 
|  43|0x0000000705600000, 0x0000000705800000, 0x0000000705800000|100%|HC|  |TAMS 0x0000000705800000, 0x0000000705600000| Complete 
|  44|0x0000000705800000, 0x0000000705a00000, 0x0000000705a00000|100%|HS|  |TAMS 0x0000000705a00000, 0x0000000705800000| Complete 
|  45|0x0000000705a00000, 0x0000000705c00000, 0x0000000705c00000|100%| O|  |TAMS 0x0000000705c00000, 0x0000000705a00000| Untracked 
|  46|0x0000000705c00000, 0x0000000705e00000, 0x0000000705e00000|100%| O|  |TAMS 0x0000000705e00000, 0x0000000705c00000| Untracked 
|  47|0x0000000705e00000, 0x0000000706000000, 0x0000000706000000|100%| O|  |TAMS 0x0000000706000000, 0x0000000705e00000| Untracked 
|  48|0x0000000706000000, 0x0000000706200000, 0x0000000706200000|100%| O|  |TAMS 0x0000000706200000, 0x0000000706000000| Untracked 
|  49|0x0000000706200000, 0x0000000706400000, 0x0000000706400000|100%| O|  |TAMS 0x0000000706400000, 0x0000000706200000| Untracked 
|  50|0x0000000706400000, 0x0000000706600000, 0x0000000706600000|100%| O|  |TAMS 0x0000000706600000, 0x0000000706400000| Untracked 
|  51|0x0000000706600000, 0x0000000706800000, 0x0000000706800000|100%| O|  |TAMS 0x0000000706800000, 0x0000000706600000| Untracked 
|  52|0x0000000706800000, 0x0000000706a00000, 0x0000000706a00000|100%| O|  |TAMS 0x0000000706a00000, 0x0000000706800000| Untracked 
|  53|0x0000000706a00000, 0x0000000706c00000, 0x0000000706c00000|100%| O|  |TAMS 0x0000000706c00000, 0x0000000706a00000| Untracked 
|  54|0x0000000706c00000, 0x0000000706e00000, 0x0000000706e00000|100%| O|  |TAMS 0x0000000706e00000, 0x0000000706c00000| Untracked 
|  55|0x0000000706e00000, 0x0000000707000000, 0x0000000707000000|100%| O|  |TAMS 0x0000000707000000, 0x0000000706e00000| Untracked 
|  56|0x0000000707000000, 0x0000000707200000, 0x0000000707200000|100%| O|  |TAMS 0x0000000707200000, 0x0000000707000000| Untracked 
|  57|0x0000000707200000, 0x0000000707400000, 0x0000000707400000|100%| O|  |TAMS 0x0000000707336600, 0x0000000707200000| Untracked 
|  58|0x0000000707400000, 0x0000000707600000, 0x0000000707600000|100%| O|  |TAMS 0x0000000707400000, 0x0000000707400000| Untracked 
|  59|0x0000000707600000, 0x0000000707800000, 0x0000000707800000|100%| O|  |TAMS 0x0000000707600000, 0x0000000707600000| Untracked 
|  60|0x0000000707800000, 0x0000000707a00000, 0x0000000707a00000|100%| O|  |TAMS 0x0000000707800000, 0x0000000707800000| Untracked 
|  61|0x0000000707a00000, 0x0000000707c00000, 0x0000000707c00000|100%| O|  |TAMS 0x0000000707a00000, 0x0000000707a00000| Untracked 
|  62|0x0000000707c00000, 0x0000000707e00000, 0x0000000707e00000|100%| O|  |TAMS 0x0000000707c00000, 0x0000000707c00000| Untracked 
|  63|0x0000000707e00000, 0x0000000708000000, 0x0000000708000000|100%| O|  |TAMS 0x0000000707e00000, 0x0000000707e00000| Untracked 
|  64|0x0000000708000000, 0x0000000708200000, 0x0000000708200000|100%| O|  |TAMS 0x0000000708000000, 0x0000000708000000| Untracked 
|  65|0x0000000708200000, 0x0000000708200000, 0x0000000708400000|  0%| F|  |TAMS 0x0000000708200000, 0x0000000708200000| Untracked 
|  66|0x0000000708400000, 0x0000000708400000, 0x0000000708600000|  0%| F|  |TAMS 0x0000000708400000, 0x0000000708400000| Untracked 
|  67|0x0000000708600000, 0x0000000708600000, 0x0000000708800000|  0%| F|  |TAMS 0x0000000708600000, 0x0000000708600000| Untracked 
|  68|0x0000000708800000, 0x0000000708800000, 0x0000000708a00000|  0%| F|  |TAMS 0x0000000708800000, 0x0000000708800000| Untracked 
|  69|0x0000000708a00000, 0x0000000708a00000, 0x0000000708c00000|  0%| F|  |TAMS 0x0000000708a00000, 0x0000000708a00000| Untracked 
|  70|0x0000000708c00000, 0x0000000708c00000, 0x0000000708e00000|  0%| F|  |TAMS 0x0000000708c00000, 0x0000000708c00000| Untracked 
|  71|0x0000000708e00000, 0x0000000708e00000, 0x0000000709000000|  0%| F|  |TAMS 0x0000000708e00000, 0x0000000708e00000| Untracked 
|  72|0x0000000709000000, 0x0000000709000000, 0x0000000709200000|  0%| F|  |TAMS 0x0000000709000000, 0x0000000709000000| Untracked 
|  73|0x0000000709200000, 0x0000000709200000, 0x0000000709400000|  0%| F|  |TAMS 0x0000000709200000, 0x0000000709200000| Untracked 
|  74|0x0000000709400000, 0x0000000709400000, 0x0000000709600000|  0%| F|  |TAMS 0x0000000709400000, 0x0000000709400000| Untracked 
|  75|0x0000000709600000, 0x0000000709600000, 0x0000000709800000|  0%| F|  |TAMS 0x0000000709600000, 0x0000000709600000| Untracked 
|  76|0x0000000709800000, 0x0000000709800000, 0x0000000709a00000|  0%| F|  |TAMS 0x0000000709800000, 0x0000000709800000| Untracked 
|  77|0x0000000709a00000, 0x0000000709a00000, 0x0000000709c00000|  0%| F|  |TAMS 0x0000000709a00000, 0x0000000709a00000| Untracked 
|  78|0x0000000709c00000, 0x0000000709c00000, 0x0000000709e00000|  0%| F|  |TAMS 0x0000000709c00000, 0x0000000709c00000| Untracked 
|  79|0x0000000709e00000, 0x0000000709e00000, 0x000000070a000000|  0%| F|  |TAMS 0x0000000709e00000, 0x0000000709e00000| Untracked 
|  80|0x000000070a000000, 0x000000070a000000, 0x000000070a200000|  0%| F|  |TAMS 0x000000070a000000, 0x000000070a000000| Untracked 
|  81|0x000000070a200000, 0x000000070a200000, 0x000000070a400000|  0%| F|  |TAMS 0x000000070a200000, 0x000000070a200000| Untracked 
|  82|0x000000070a400000, 0x000000070a400000, 0x000000070a600000|  0%| F|  |TAMS 0x000000070a400000, 0x000000070a400000| Untracked 
|  83|0x000000070a600000, 0x000000070a600000, 0x000000070a800000|  0%| F|  |TAMS 0x000000070a600000, 0x000000070a600000| Untracked 
|  84|0x000000070a800000, 0x000000070a800000, 0x000000070aa00000|  0%| F|  |TAMS 0x000000070a800000, 0x000000070a800000| Untracked 
|  85|0x000000070aa00000, 0x000000070aa00000, 0x000000070ac00000|  0%| F|  |TAMS 0x000000070aa00000, 0x000000070aa00000| Untracked 
|  86|0x000000070ac00000, 0x000000070ac00000, 0x000000070ae00000|  0%| F|  |TAMS 0x000000070ac00000, 0x000000070ac00000| Untracked 
|  87|0x000000070ae00000, 0x000000070ae00000, 0x000000070b000000|  0%| F|  |TAMS 0x000000070ae00000, 0x000000070ae00000| Untracked 
|  88|0x000000070b000000, 0x000000070b000000, 0x000000070b200000|  0%| F|  |TAMS 0x000000070b000000, 0x000000070b000000| Untracked 
|  89|0x000000070b200000, 0x000000070b200000, 0x000000070b400000|  0%| F|  |TAMS 0x000000070b200000, 0x000000070b200000| Untracked 
|  90|0x000000070b400000, 0x000000070b400000, 0x000000070b600000|  0%| F|  |TAMS 0x000000070b400000, 0x000000070b400000| Untracked 
|  91|0x000000070b600000, 0x000000070b600000, 0x000000070b800000|  0%| F|  |TAMS 0x000000070b600000, 0x000000070b600000| Untracked 
|  92|0x000000070b800000, 0x000000070b800000, 0x000000070ba00000|  0%| F|  |TAMS 0x000000070b800000, 0x000000070b800000| Untracked 
|  93|0x000000070ba00000, 0x000000070ba00000, 0x000000070bc00000|  0%| F|  |TAMS 0x000000070ba00000, 0x000000070ba00000| Untracked 
|  94|0x000000070bc00000, 0x000000070bc00000, 0x000000070be00000|  0%| F|  |TAMS 0x000000070bc00000, 0x000000070bc00000| Untracked 
|  95|0x000000070be00000, 0x000000070be00000, 0x000000070c000000|  0%| F|  |TAMS 0x000000070be00000, 0x000000070be00000| Untracked 
|  96|0x000000070c000000, 0x000000070c000000, 0x000000070c200000|  0%| F|  |TAMS 0x000000070c000000, 0x000000070c000000| Untracked 
|  97|0x000000070c200000, 0x000000070c200000, 0x000000070c400000|  0%| F|  |TAMS 0x000000070c200000, 0x000000070c200000| Untracked 
|  98|0x000000070c400000, 0x000000070c400000, 0x000000070c600000|  0%| F|  |TAMS 0x000000070c400000, 0x000000070c400000| Untracked 
|  99|0x000000070c600000, 0x000000070c600000, 0x000000070c800000|  0%| F|  |TAMS 0x000000070c600000, 0x000000070c600000| Untracked 
| 100|0x000000070c800000, 0x000000070c800000, 0x000000070ca00000|  0%| F|  |TAMS 0x000000070c800000, 0x000000070c800000| Untracked 
| 101|0x000000070ca00000, 0x000000070ca00000, 0x000000070cc00000|  0%| F|  |TAMS 0x000000070ca00000, 0x000000070ca00000| Untracked 
| 102|0x000000070cc00000, 0x000000070cc00000, 0x000000070ce00000|  0%| F|  |TAMS 0x000000070cc00000, 0x000000070cc00000| Untracked 
| 103|0x000000070ce00000, 0x000000070ce00000, 0x000000070d000000|  0%| F|  |TAMS 0x000000070ce00000, 0x000000070ce00000| Untracked 
| 104|0x000000070d000000, 0x000000070d166188, 0x000000070d200000| 69%| E|  |TAMS 0x000000070d000000, 0x000000070d000000| Complete 
| 105|0x000000070d200000, 0x000000070d400000, 0x000000070d400000|100%| E|CS|TAMS 0x000000070d200000, 0x000000070d200000| Complete 
| 106|0x000000070d400000, 0x000000070d600000, 0x000000070d600000|100%| E|CS|TAMS 0x000000070d400000, 0x000000070d400000| Complete 
| 107|0x000000070d600000, 0x000000070d800000, 0x000000070d800000|100%| E|CS|TAMS 0x000000070d600000, 0x000000070d600000| Complete 
| 108|0x000000070d800000, 0x000000070da00000, 0x000000070da00000|100%| E|CS|TAMS 0x000000070d800000, 0x000000070d800000| Complete 
| 109|0x000000070da00000, 0x000000070dc00000, 0x000000070dc00000|100%| E|  |TAMS 0x000000070da00000, 0x000000070da00000| Complete 
| 110|0x000000070dc00000, 0x000000070de00000, 0x000000070de00000|100%| E|CS|TAMS 0x000000070dc00000, 0x000000070dc00000| Complete 
| 111|0x000000070de00000, 0x000000070e000000, 0x000000070e000000|100%| S|CS|TAMS 0x000000070de00000, 0x000000070de00000| Complete 
| 112|0x000000070e000000, 0x000000070e200000, 0x000000070e200000|100%| E|CS|TAMS 0x000000070e000000, 0x000000070e000000| Complete 
| 113|0x000000070e200000, 0x000000070e400000, 0x000000070e400000|100%| E|CS|TAMS 0x000000070e200000, 0x000000070e200000| Complete 
| 114|0x000000070e400000, 0x000000070e600000, 0x000000070e600000|100%| E|CS|TAMS 0x000000070e400000, 0x000000070e400000| Complete 

Card table byte_map: [0x000001d812420000,0x000001d812c20000] _byte_map_base: 0x000001d80ec20000

Marking Bits (Prev, Next): (CMBitMap*) 0x000001d87f2cf2b0, (CMBitMap*) 0x000001d87f2cf2f0
 Prev Bits: [0x000001d813420000, 0x000001d817420000)
 Next Bits: [0x000001d817420000, 0x000001d81b420000)

Polling page: 0x000001d87ea10000

Metaspace:

Usage:
  Non-class:     92.96 MB used.
      Class:     14.92 MB used.
       Both:    107.88 MB used.

Virtual space:
  Non-class space:      128.00 MB reserved,      93.44 MB ( 73%) committed,  2 nodes.
      Class space:        1.00 GB reserved,      15.38 MB (  2%) committed,  1 nodes.
             Both:        1.12 GB reserved,     108.81 MB (  9%) committed. 

Chunk freelists:
   Non-Class:  2.19 MB
       Class:  639.00 KB
        Both:  2.81 MB

MaxMetaspaceSize: 2.00 GB
CompressedClassSpaceSize: 1.00 GB
Initial GC threshold: 21.00 MB
Current GC threshold: 180.56 MB
CDS: off
MetaspaceReclaimPolicy: balanced
 - commit_granule_bytes: 65536.
 - commit_granule_words: 8192.
 - virtual_space_node_default_size: 8388608.
 - enlarge_chunks_in_place: 1.
 - new_chunks_are_fully_committed: 0.
 - uncommit_free_chunks: 1.
 - use_allocation_guard: 0.
 - handle_deallocations: 1.


Internal statistics:

num_allocs_failed_limit: 9.
num_arena_births: 1322.
num_arena_deaths: 0.
num_vsnodes_births: 3.
num_vsnodes_deaths: 0.
num_space_committed: 1741.
num_space_uncommitted: 0.
num_chunks_returned_to_freelist: 9.
num_chunks_taken_from_freelist: 5460.
num_chunk_merges: 9.
num_chunk_splits: 3576.
num_chunks_enlarged: 2325.
num_inconsistent_stats: 0.

CodeHeap 'non-profiled nmethods': size=120000Kb used=5633Kb max_used=5633Kb free=114366Kb
 bounds [0x000001d80aef0000, 0x000001d80b480000, 0x000001d812420000]
CodeHeap 'profiled nmethods': size=120000Kb used=21592Kb max_used=21592Kb free=98407Kb
 bounds [0x000001d803420000, 0x000001d804940000, 0x000001d80a950000]
CodeHeap 'non-nmethods': size=5760Kb used=2448Kb max_used=2496Kb free=3311Kb
 bounds [0x000001d80a950000, 0x000001d80abd0000, 0x000001d80aef0000]
 total_blobs=12436 nmethods=11448 adapters=900
 compilation: enabled
              stopped_count=0, restarted_count=0
 full_count=0

Compilation events (20 events):
Event: 316.445 Thread 0x000001d82205aa30 13299  s    2       jdk.internal.reflect.MethodAccessorGenerator::generateName (101 bytes)
Event: 316.446 Thread 0x000001d82205aa30 nmethod 13299 0x000001d804935210 code [0x000001d804935480, 0x000001d804935b48]
Event: 316.548 Thread 0x000001d82205a120 nmethod 12969 0x000001d80b46c510 code [0x000001d80b46ca60, 0x000001d80b475218]
Event: 316.548 Thread 0x000001d82205a120 13113       4       java.util.regex.Matcher::find (69 bytes)
Event: 316.558 Thread 0x000001d82205a120 nmethod 13113 0x000001d80b15bc90 code [0x000001d80b15be60, 0x000001d80b15c448]
Event: 316.558 Thread 0x000001d82205a120 13171 % !   4       java.io.LineNumberReader::read @ 54 (207 bytes)
Event: 316.567 Thread 0x000001d82205a120 nmethod 13171% 0x000001d80b15b390 code [0x000001d80b15b520, 0x000001d80b15ba78]
Event: 316.567 Thread 0x000001d82205a120 12964       4       com.google.common.collect.ImmutableSet$RegularSetBuilderImpl::rebuildHashTable (80 bytes)
Event: 316.572 Thread 0x000001d82205a120 nmethod 12964 0x000001d80b15ab90 code [0x000001d80b15ad20, 0x000001d80b15b158]
Event: 316.572 Thread 0x000001d82205a120 13128       4       java.util.regex.Matcher::appendExpandedReplacement (510 bytes)
Event: 316.581 Thread 0x000001d82205a120 nmethod 13128 0x000001d80b159b10 code [0x000001d80b159cc0, 0x000001d80b15a4f8]
Event: 316.581 Thread 0x000001d82205a120 12996       4       java.util.AbstractCollection::toArray (70 bytes)
Event: 316.607 Thread 0x000001d82205a120 nmethod 12996 0x000001d80b2c4a90 code [0x000001d80b2c4d00, 0x000001d80b2c5f38]
Event: 316.607 Thread 0x000001d82205a120 13111       4       com.sun.org.apache.xerces.internal.util.XMLChar::isContent (35 bytes)
Event: 316.607 Thread 0x000001d82205a120 nmethod 13111 0x000001d80b159810 code [0x000001d80b159980, 0x000001d80b159a38]
Event: 317.555 Thread 0x000001d82205aa30 13300       1       com.sun.jmx.mbeanserver.MXBeanSupport::getCookie (5 bytes)
Event: 317.556 Thread 0x000001d82205aa30 nmethod 13300 0x000001d80b159510 code [0x000001d80b1596a0, 0x000001d80b159778]
Event: 317.556 Thread 0x000001d82205aa30 13301       3       com.sun.jmx.mbeanserver.MXBeanLookup::setLookup (8 bytes)
Event: 317.556 Thread 0x000001d82205aa30 nmethod 13301 0x000001d804935e10 code [0x000001d804935fa0, 0x000001d804936148]
Event: 320.752 Thread 0x000001d82205a120 13302       4       java.util.concurrent.locks.AbstractQueuedSynchronizer$ConditionObject::awaitNanos (200 bytes)

GC Heap History (20 events):
Event: 17.060 GC heap before
{Heap before GC invocations=49 (full 0):
 garbage-first heap   total 184320K, used 140731K [0x0000000700000000, 0x0000000800000000)
  region size 2048K, 21 young (43008K), 2 survivors (4096K)
 Metaspace       used 88965K, committed 89728K, reserved 1179648K
  class space    used 12171K, committed 12544K, reserved 1048576K
}
Event: 17.064 GC heap after
{Heap after GC invocations=50 (full 0):
 garbage-first heap   total 184320K, used 105152K [0x0000000700000000, 0x0000000800000000)
  region size 2048K, 1 young (2048K), 1 survivors (2048K)
 Metaspace       used 88965K, committed 89728K, reserved 1179648K
  class space    used 12171K, committed 12544K, reserved 1048576K
}
Event: 17.992 GC heap before
{Heap before GC invocations=50 (full 0):
 garbage-first heap   total 184320K, used 148160K [0x0000000700000000, 0x0000000800000000)
  region size 2048K, 22 young (45056K), 1 survivors (2048K)
 Metaspace       used 92115K, committed 92864K, reserved 1179648K
  class space    used 12771K, committed 13120K, reserved 1048576K
}
Event: 17.995 GC heap after
{Heap after GC invocations=51 (full 0):
 garbage-first heap   total 184320K, used 106585K [0x0000000700000000, 0x0000000800000000)
  region size 2048K, 2 young (4096K), 2 survivors (4096K)
 Metaspace       used 92115K, committed 92864K, reserved 1179648K
  class space    used 12771K, committed 13120K, reserved 1048576K
}
Event: 18.538 GC heap before
{Heap before GC invocations=52 (full 0):
 garbage-first heap   total 192512K, used 147545K [0x0000000700000000, 0x0000000800000000)
  region size 2048K, 22 young (45056K), 2 survivors (4096K)
 Metaspace       used 94126K, committed 94848K, reserved 1179648K
  class space    used 13064K, committed 13440K, reserved 1048576K
}
Event: 18.543 GC heap after
{Heap after GC invocations=53 (full 0):
 garbage-first heap   total 192512K, used 109672K [0x0000000700000000, 0x0000000800000000)
  region size 2048K, 3 young (6144K), 3 survivors (6144K)
 Metaspace       used 94126K, committed 94848K, reserved 1179648K
  class space    used 13064K, committed 13440K, reserved 1048576K
}
Event: 19.084 GC heap before
{Heap before GC invocations=53 (full 0):
 garbage-first heap   total 192512K, used 156776K [0x0000000700000000, 0x0000000800000000)
  region size 2048K, 26 young (53248K), 3 survivors (6144K)
 Metaspace       used 95830K, committed 96576K, reserved 1179648K
  class space    used 13329K, committed 13696K, reserved 1048576K
}
Event: 19.090 GC heap after
{Heap after GC invocations=54 (full 0):
 garbage-first heap   total 192512K, used 114499K [0x0000000700000000, 0x0000000800000000)
  region size 2048K, 4 young (8192K), 4 survivors (8192K)
 Metaspace       used 95830K, committed 96576K, reserved 1179648K
  class space    used 13329K, committed 13696K, reserved 1048576K
}
Event: 19.890 GC heap before
{Heap before GC invocations=55 (full 0):
 garbage-first heap   total 202752K, used 157507K [0x0000000700000000, 0x0000000800000000)
  region size 2048K, 25 young (51200K), 4 survivors (8192K)
 Metaspace       used 100318K, committed 101120K, reserved 1179648K
  class space    used 13991K, committed 14336K, reserved 1048576K
}
Event: 19.896 GC heap after
{Heap after GC invocations=56 (full 0):
 garbage-first heap   total 202752K, used 117289K [0x0000000700000000, 0x0000000800000000)
  region size 2048K, 2 young (4096K), 2 survivors (4096K)
 Metaspace       used 100318K, committed 101120K, reserved 1179648K
  class space    used 13991K, committed 14336K, reserved 1048576K
}
Event: 20.640 GC heap before
{Heap before GC invocations=56 (full 0):
 garbage-first heap   total 202752K, used 162345K [0x0000000700000000, 0x0000000800000000)
  region size 2048K, 25 young (51200K), 2 survivors (4096K)
 Metaspace       used 102537K, committed 103424K, reserved 1179648K
  class space    used 14307K, committed 14720K, reserved 1048576K
}
Event: 20.646 GC heap after
{Heap after GC invocations=57 (full 0):
 garbage-first heap   total 202752K, used 120594K [0x0000000700000000, 0x0000000800000000)
  region size 2048K, 3 young (6144K), 3 survivors (6144K)
 Metaspace       used 102537K, committed 103424K, reserved 1179648K
  class space    used 14307K, committed 14720K, reserved 1048576K
}
Event: 312.081 GC heap before
{Heap before GC invocations=58 (full 0):
 garbage-first heap   total 208896K, used 165650K [0x0000000700000000, 0x0000000800000000)
  region size 2048K, 25 young (51200K), 3 survivors (6144K)
 Metaspace       used 104111K, committed 105024K, reserved 1179648K
  class space    used 14540K, committed 14976K, reserved 1048576K
}
Event: 312.203 GC heap after
{Heap after GC invocations=59 (full 0):
 garbage-first heap   total 208896K, used 122654K [0x0000000700000000, 0x0000000800000000)
  region size 2048K, 3 young (6144K), 3 survivors (6144K)
 Metaspace       used 104111K, committed 105024K, reserved 1179648K
  class space    used 14540K, committed 14976K, reserved 1048576K
}
Event: 314.712 GC heap before
{Heap before GC invocations=59 (full 0):
 garbage-first heap   total 208896K, used 169758K [0x0000000700000000, 0x0000000800000000)
  region size 2048K, 27 young (55296K), 3 survivors (6144K)
 Metaspace       used 109925K, committed 110848K, reserved 1179648K
  class space    used 15261K, committed 15680K, reserved 1048576K
}
Event: 314.737 GC heap after
{Heap after GC invocations=60 (full 0):
 garbage-first heap   total 208896K, used 128220K [0x0000000700000000, 0x0000000800000000)
  region size 2048K, 4 young (8192K), 4 survivors (8192K)
 Metaspace       used 109925K, committed 110848K, reserved 1179648K
  class space    used 15261K, committed 15680K, reserved 1048576K
}
Event: 315.758 GC heap before
{Heap before GC invocations=61 (full 0):
 garbage-first heap   total 235520K, used 167132K [0x0000000700000000, 0x0000000800000000)
  region size 2048K, 24 young (49152K), 4 survivors (8192K)
 Metaspace       used 110195K, committed 111104K, reserved 1179648K
  class space    used 15268K, committed 15680K, reserved 1048576K
}
Event: 315.775 GC heap after
{Heap after GC invocations=62 (full 0):
 garbage-first heap   total 235520K, used 131534K [0x0000000700000000, 0x0000000800000000)
  region size 2048K, 2 young (4096K), 2 survivors (4096K)
 Metaspace       used 110195K, committed 111104K, reserved 1179648K
  class space    used 15268K, committed 15680K, reserved 1048576K
}
Event: 316.057 GC heap before
{Heap before GC invocations=62 (full 0):
 garbage-first heap   total 235520K, used 137678K [0x0000000700000000, 0x0000000800000000)
  region size 2048K, 5 young (10240K), 2 survivors (4096K)
 Metaspace       used 110271K, committed 111168K, reserved 1179648K
  class space    used 15272K, committed 15680K, reserved 1048576K
}
Event: 316.083 GC heap after
{Heap after GC invocations=63 (full 0):
 garbage-first heap   total 235520K, used 133120K [0x0000000700000000, 0x0000000800000000)
  region size 2048K, 1 young (2048K), 1 survivors (2048K)
 Metaspace       used 110271K, committed 111168K, reserved 1179648K
  class space    used 15272K, committed 15680K, reserved 1048576K
}

Dll operation events (3 events):
Event: 0.013 Loaded shared library C:\Program Files\Android\Android Studio\jbr\bin\java.dll
Event: 0.132 Loaded shared library C:\Program Files\Android\Android Studio\jbr\bin\zip.dll
Event: 0.458 Loaded shared library C:\Program Files\Android\Android Studio\jbr\bin\verify.dll

Deoptimization events (20 events):
Event: 315.242 Thread 0x000001d826360060 DEOPT PACKING pc=0x000001d80b1315a0 sp=0x0000004aa30f3bb0
Event: 315.243 Thread 0x000001d826360060 DEOPT UNPACKING pc=0x000001d80a9a69a3 sp=0x0000004aa30f3b48 mode 2
Event: 315.250 Thread 0x000001d826360060 DEOPT PACKING pc=0x000001d803a88465 sp=0x0000004aa30f3d40
Event: 315.251 Thread 0x000001d826360060 DEOPT UNPACKING pc=0x000001d80a9a7143 sp=0x0000004aa30f3230 mode 0
Event: 315.642 Thread 0x000001d826360060 DEOPT PACKING pc=0x000001d804681643 sp=0x0000004aa30f2810
Event: 315.643 Thread 0x000001d826360060 DEOPT UNPACKING pc=0x000001d80a9a7143 sp=0x0000004aa30f1c90 mode 0
Event: 315.650 Thread 0x000001d826360060 DEOPT PACKING pc=0x000001d804681643 sp=0x0000004aa30f2890
Event: 315.651 Thread 0x000001d826360060 DEOPT UNPACKING pc=0x000001d80a9a7143 sp=0x0000004aa30f1d10 mode 0
Event: 315.671 Thread 0x000001d826360060 DEOPT PACKING pc=0x000001d8037592e6 sp=0x0000004aa30f1f40
Event: 315.671 Thread 0x000001d826360060 DEOPT UNPACKING pc=0x000001d80a9a7143 sp=0x0000004aa30f1408 mode 0
Event: 316.050 Thread 0x000001d826360060 DEOPT PACKING pc=0x000001d8045d13c6 sp=0x0000004aa30f47c0
Event: 316.050 Thread 0x000001d826360060 DEOPT UNPACKING pc=0x000001d80a9a7143 sp=0x0000004aa30f3c70 mode 0
Event: 316.105 Thread 0x000001d826360060 Uncommon trap: trap_request=0xffffff45 fr.pc=0x000001d80b30f478 relative=0x0000000000000538
Event: 316.105 Thread 0x000001d826360060 Uncommon trap: reason=unstable_if action=reinterpret pc=0x000001d80b30f478 method=java.lang.ThreadLocal$ThreadLocalMap.remove(Ljava/lang/ThreadLocal;)V @ 26 c2
Event: 316.105 Thread 0x000001d826360060 DEOPT PACKING pc=0x000001d80b30f478 sp=0x0000004aa30f7b80
Event: 316.105 Thread 0x000001d826360060 DEOPT UNPACKING pc=0x000001d80a9a69a3 sp=0x0000004aa30f7b30 mode 2
Event: 316.452 Thread 0x000001d823aa4a20 Uncommon trap: trap_request=0xffffffde fr.pc=0x000001d80b08e768 relative=0x00000000000001a8
Event: 316.452 Thread 0x000001d823aa4a20 Uncommon trap: reason=class_check action=maybe_recompile pc=0x000001d80b08e768 method=java.io.BufferedInputStream.read1([BII)I @ 39 c2
Event: 316.452 Thread 0x000001d823aa4a20 DEOPT PACKING pc=0x000001d80b08e768 sp=0x0000004aa73fed30
Event: 316.452 Thread 0x000001d823aa4a20 DEOPT UNPACKING pc=0x000001d80a9a69a3 sp=0x0000004aa73fecb8 mode 2

Classes unloaded (0 events):
No events

Classes redefined (0 events):
No events

Internal exceptions (20 events):
Event: 311.654 Thread 0x000001d826360060 Exception <a 'sun/nio/fs/WindowsException'{0x000000070a21d3c8}> (0x000000070a21d3c8) 
thrown [s\src\hotspot\share\prims\jni.cpp, line 531]
Event: 311.655 Thread 0x000001d826360060 Exception <a 'sun/nio/fs/WindowsException'{0x000000070a21e930}> (0x000000070a21e930) 
thrown [s\src\hotspot\share\prims\jni.cpp, line 531]
Event: 311.744 Thread 0x000001d826360060 Exception <a 'sun/nio/fs/WindowsException'{0x000000070a28ab60}> (0x000000070a28ab60) 
thrown [s\src\hotspot\share\prims\jni.cpp, line 531]
Event: 311.746 Thread 0x000001d826360060 Exception <a 'sun/nio/fs/WindowsException'{0x000000070a28c8e0}> (0x000000070a28c8e0) 
thrown [s\src\hotspot\share\prims\jni.cpp, line 531]
Event: 311.746 Thread 0x000001d826360060 Exception <a 'sun/nio/fs/WindowsException'{0x000000070a28e660}> (0x000000070a28e660) 
thrown [s\src\hotspot\share\prims\jni.cpp, line 531]
Event: 311.747 Thread 0x000001d826360060 Exception <a 'sun/nio/fs/WindowsException'{0x000000070a2903c0}> (0x000000070a2903c0) 
thrown [s\src\hotspot\share\prims\jni.cpp, line 531]
Event: 312.563 Thread 0x000001d826360060 Exception <a 'sun/nio/fs/WindowsException'{0x000000070c06e140}> (0x000000070c06e140) 
thrown [s\src\hotspot\share\prims\jni.cpp, line 531]
Event: 314.102 Thread 0x000001d826363300 Exception <a 'sun/nio/fs/WindowsException'{0x000000070a873628}> (0x000000070a873628) 
thrown [s\src\hotspot\share\prims\jni.cpp, line 531]
Event: 314.103 Thread 0x000001d826363300 Exception <a 'sun/nio/fs/WindowsException'{0x000000070a8755f0}> (0x000000070a8755f0) 
thrown [s\src\hotspot\share\prims\jni.cpp, line 531]
Event: 314.103 Thread 0x000001d826363300 Exception <a 'sun/nio/fs/WindowsException'{0x000000070a877508}> (0x000000070a877508) 
thrown [s\src\hotspot\share\prims\jni.cpp, line 531]
Event: 314.104 Thread 0x000001d826363300 Exception <a 'sun/nio/fs/WindowsException'{0x000000070a882708}> (0x000000070a882708) 
thrown [s\src\hotspot\share\prims\jni.cpp, line 531]
Event: 314.112 Thread 0x000001d826363300 Exception <a 'sun/nio/fs/WindowsException'{0x000000070a898048}> (0x000000070a898048) 
thrown [s\src\hotspot\share\prims\jni.cpp, line 531]
Event: 315.192 Thread 0x000001d826360060 Exception <a 'sun/nio/fs/WindowsException'{0x000000070e264c68}> (0x000000070e264c68) 
thrown [s\src\hotspot\share\prims\jni.cpp, line 531]
Event: 315.250 Thread 0x000001d826360060 Exception <a 'java/lang/NoSuchMethodError'{0x000000070e35cab8}: 'org.gradle.internal.buildoption.BuildOption$Value org.gradle.api.internal.StartParameterInternal.getIsolatedProjects()'> (0x000000070e35cab8) 
thrown [s\src\hotspot\share\interpreter\linkResolver.cpp, line 771]
Event: 316.196 Thread 0x000001d826360060 Exception <a 'sun/nio/fs/WindowsException'{0x000000070e5ddeb8}> (0x000000070e5ddeb8) 
thrown [s\src\hotspot\share\prims\jni.cpp, line 531]
Event: 316.226 Thread 0x000001d826360060 Exception <a 'sun/nio/fs/WindowsException'{0x000000070e27ae30}> (0x000000070e27ae30) 
thrown [s\src\hotspot\share\prims\jni.cpp, line 531]
Event: 316.226 Thread 0x000001d826360060 Exception <a 'sun/nio/fs/WindowsException'{0x000000070e27c1c8}> (0x000000070e27c1c8) 
thrown [s\src\hotspot\share\prims\jni.cpp, line 531]
Event: 316.226 Thread 0x000001d826360060 Exception <a 'sun/nio/fs/WindowsException'{0x000000070e27d5b0}> (0x000000070e27d5b0) 
thrown [s\src\hotspot\share\prims\jni.cpp, line 531]
Event: 316.226 Thread 0x000001d826360060 Exception <a 'sun/nio/fs/WindowsException'{0x000000070e27e998}> (0x000000070e27e998) 
thrown [s\src\hotspot\share\prims\jni.cpp, line 531]
Event: 316.335 Thread 0x000001d826364740 Exception <a 'sun/nio/fs/WindowsException'{0x000000070dad9b68}> (0x000000070dad9b68) 
thrown [s\src\hotspot\share\prims\jni.cpp, line 531]

VM Operations (20 events):
Event: 312.605 Executing VM operation: HandshakeAllThreads
Event: 312.605 Executing VM operation: HandshakeAllThreads done
Event: 313.615 Executing VM operation: Cleanup
Event: 313.616 Executing VM operation: Cleanup done
Event: 313.947 Executing VM operation: HandshakeAllThreads
Event: 313.947 Executing VM operation: HandshakeAllThreads done
Event: 314.336 Executing VM operation: ICBufferFull
Event: 314.336 Executing VM operation: ICBufferFull done
Event: 314.712 Executing VM operation: G1CollectForAllocation
Event: 314.737 Executing VM operation: G1CollectForAllocation done
Event: 315.103 Executing VM operation: G1PauseRemark
Event: 315.109 Executing VM operation: G1PauseRemark done
Event: 315.144 Executing VM operation: G1PauseCleanup
Event: 315.145 Executing VM operation: G1PauseCleanup done
Event: 315.758 Executing VM operation: G1CollectForAllocation
Event: 315.775 Executing VM operation: G1CollectForAllocation done
Event: 316.056 Executing VM operation: G1CollectForAllocation
Event: 316.083 Executing VM operation: G1CollectForAllocation done
Event: 317.085 Executing VM operation: Cleanup
Event: 317.085 Executing VM operation: Cleanup done

Events (20 events):
Event: 314.159 Thread 0x000001d8269c06c0 Thread added: 0x000001d8269c06c0
Event: 314.706 Thread 0x000001d8269be860 Thread added: 0x000001d8269be860
Event: 314.707 Thread 0x000001d8269bb5c0 Thread added: 0x000001d8269bb5c0
Event: 314.708 Thread 0x000001d8269bed70 Thread added: 0x000001d8269bed70
Event: 314.708 Thread 0x000001d8269bf280 Thread added: 0x000001d8269bf280
Event: 314.708 Thread 0x000001d8269bf790 Thread added: 0x000001d8269bf790
Event: 314.709 Thread 0x000001d8269c01b0 Thread added: 0x000001d8269c01b0
Event: 314.709 Thread 0x000001d8269bbfe0 Thread added: 0x000001d8269bbfe0
Event: 315.134 Thread 0x000001d8269bb0b0 Thread added: 0x000001d8269bb0b0
Event: 315.519 Thread 0x000001d8269b9760 Thread added: 0x000001d8269b9760
Event: 315.519 Thread 0x000001d8269be350 Thread added: 0x000001d8269be350
Event: 315.520 Thread 0x000001d8269ba690 Thread added: 0x000001d8269ba690
Event: 315.521 Thread 0x000001d8269bc4f0 Thread added: 0x000001d8269bc4f0
Event: 315.521 Thread 0x000001d8269baba0 Thread added: 0x000001d8269baba0
Event: 315.522 Thread 0x000001d823a9e4e0 Thread added: 0x000001d823a9e4e0
Event: 315.523 Thread 0x000001d823a9dfd0 Thread added: 0x000001d823a9dfd0
Event: 316.329 Thread 0x000001d823a9f410 Thread added: 0x000001d823a9f410
Event: 316.442 Thread 0x000001d823aa1780 Thread added: 0x000001d823aa1780
Event: 316.451 Thread 0x000001d823a9ef00 Thread added: 0x000001d823a9ef00
Event: 316.452 Thread 0x000001d823aa4a20 Thread added: 0x000001d823aa4a20


Dynamic libraries:
0x00007ff77a880000 - 0x00007ff77a88a000 	C:\Program Files\Android\Android Studio\jbr\bin\java.exe
0x00007ff9499b0000 - 0x00007ff949bc7000 	C:\Windows\SYSTEM32\ntdll.dll
0x00007ff949270000 - 0x00007ff949334000 	C:\Windows\System32\KERNEL32.DLL
0x00007ff946d70000 - 0x00007ff947127000 	C:\Windows\System32\KERNELBASE.dll
0x00007ff9475c0000 - 0x00007ff9476d1000 	C:\Windows\System32\ucrtbase.dll
0x00007ff929980000 - 0x00007ff929997000 	C:\Program Files\Android\Android Studio\jbr\bin\jli.dll
0x00007ff92dda0000 - 0x00007ff92ddbb000 	C:\Program Files\Android\Android Studio\jbr\bin\VCRUNTIME140.dll
0x00007ff949340000 - 0x00007ff9494ef000 	C:\Windows\System32\USER32.dll
0x00007ff927070000 - 0x00007ff927303000 	C:\Windows\WinSxS\amd64_microsoft.windows.common-controls_6595b64144ccf1df_6.0.22621.3672_none_2713b9d173822955\COMCTL32.dll
0x00007ff946cc0000 - 0x00007ff946ce6000 	C:\Windows\System32\win32u.dll
0x00007ff9489b0000 - 0x00007ff9489d9000 	C:\Windows\System32\GDI32.dll
0x00007ff949780000 - 0x00007ff949827000 	C:\Windows\System32\msvcrt.dll
0x00007ff947130000 - 0x00007ff947248000 	C:\Windows\System32\gdi32full.dll
0x00007ff947250000 - 0x00007ff9472ea000 	C:\Windows\System32\msvcp_win.dll
0x00007ff949880000 - 0x00007ff9498b1000 	C:\Windows\System32\IMM32.DLL
0x00007ff943e70000 - 0x00007ff943e7c000 	C:\Program Files\Android\Android Studio\jbr\bin\vcruntime140_1.dll
0x00007ff918ed0000 - 0x00007ff918f5d000 	C:\Program Files\Android\Android Studio\jbr\bin\msvcp140.dll
0x00007ff8a4d70000 - 0x00007ff8a59f3000 	C:\Program Files\Android\Android Studio\jbr\bin\server\jvm.dll
0x00007ff9488f0000 - 0x00007ff9489a2000 	C:\Windows\System32\ADVAPI32.dll
0x00007ff9498c0000 - 0x00007ff949968000 	C:\Windows\System32\sechost.dll
0x00007ff9472f0000 - 0x00007ff947318000 	C:\Windows\System32\bcrypt.dll
0x00007ff9476e0000 - 0x00007ff9477f4000 	C:\Windows\System32\RPCRT4.dll
0x00007ff92e020000 - 0x00007ff92e029000 	C:\Windows\SYSTEM32\WSOCK32.dll
0x00007ff946930000 - 0x00007ff94697d000 	C:\Windows\SYSTEM32\POWRPROF.dll
0x00007ff941400000 - 0x00007ff941434000 	C:\Windows\SYSTEM32\WINMM.dll
0x00007ff93d570000 - 0x00007ff93d57a000 	C:\Windows\SYSTEM32\VERSION.dll
0x00007ff948770000 - 0x00007ff9487e1000 	C:\Windows\System32\WS2_32.dll
0x00007ff946770000 - 0x00007ff946783000 	C:\Windows\SYSTEM32\UMPDC.dll
0x00007ff945cd0000 - 0x00007ff945ce8000 	C:\Windows\SYSTEM32\kernel.appcore.dll
0x00007ff9339a0000 - 0x00007ff9339aa000 	C:\Program Files\Android\Android Studio\jbr\bin\jimage.dll
0x00007ff93de50000 - 0x00007ff93e082000 	C:\Windows\SYSTEM32\DBGHELP.DLL
0x00007ff948b40000 - 0x00007ff948ece000 	C:\Windows\System32\combase.dll
0x00007ff949570000 - 0x00007ff949647000 	C:\Windows\System32\OLEAUT32.dll
0x00007ff9393e0000 - 0x00007ff939412000 	C:\Windows\SYSTEM32\dbgcore.DLL
0x00007ff946cf0000 - 0x00007ff946d6b000 	C:\Windows\System32\bcryptPrimitives.dll
0x00007ff917e10000 - 0x00007ff917e1e000 	C:\Program Files\Android\Android Studio\jbr\bin\instrument.dll
0x00007ff9138b0000 - 0x00007ff9138d5000 	C:\Program Files\Android\Android Studio\jbr\bin\java.dll
0x00007ff929960000 - 0x00007ff929978000 	C:\Program Files\Android\Android Studio\jbr\bin\zip.dll
0x00007ff9479c0000 - 0x00007ff948229000 	C:\Windows\System32\SHELL32.dll
0x00007ff944be0000 - 0x00007ff9454df000 	C:\Windows\SYSTEM32\windows.storage.dll
0x00007ff944aa0000 - 0x00007ff944bdf000 	C:\Windows\SYSTEM32\wintypes.dll
0x00007ff949680000 - 0x00007ff949779000 	C:\Windows\System32\SHCORE.dll
0x00007ff9486b0000 - 0x00007ff94870e000 	C:\Windows\System32\shlwapi.dll
0x00007ff946bf0000 - 0x00007ff946c17000 	C:\Windows\SYSTEM32\profapi.dll
0x00007ff928eb0000 - 0x00007ff928ec9000 	C:\Program Files\Android\Android Studio\jbr\bin\net.dll
0x00007ff942b50000 - 0x00007ff942c86000 	C:\Windows\SYSTEM32\WINHTTP.dll
0x00007ff946130000 - 0x00007ff946199000 	C:\Windows\system32\mswsock.dll
0x00007ff918960000 - 0x00007ff918976000 	C:\Program Files\Android\Android Studio\jbr\bin\nio.dll
0x00007ff933730000 - 0x00007ff933740000 	C:\Program Files\Android\Android Studio\jbr\bin\verify.dll
0x00007ff927c70000 - 0x00007ff927c97000 	C:\Users\joaov\.gradle\native\68d5fa5c4cc2d200863cafc0d521ce42e7d3e7ee720ec0a83991735586a16f82\windows-amd64\native-platform.dll
0x00007ff8eb630000 - 0x00007ff8eb774000 	C:\Users\joaov\.gradle\native\e376f236ea51e6404a007f0833ffe2c6e607c4080706a723a18a27aeea778392\windows-amd64\native-platform-file-events.dll
0x00007ff92dd00000 - 0x00007ff92dd09000 	C:\Program Files\Android\Android Studio\jbr\bin\management.dll
0x00007ff927b00000 - 0x00007ff927b0b000 	C:\Program Files\Android\Android Studio\jbr\bin\management_ext.dll
0x00007ff949650000 - 0x00007ff949658000 	C:\Windows\System32\PSAPI.DLL
0x00007ff946480000 - 0x00007ff94649b000 	C:\Windows\SYSTEM32\CRYPTSP.dll
0x00007ff945c30000 - 0x00007ff945c65000 	C:\Windows\system32\rsaenh.dll
0x00007ff9461d0000 - 0x00007ff9461f8000 	C:\Windows\SYSTEM32\USERENV.dll
0x00007ff946460000 - 0x00007ff94646c000 	C:\Windows\SYSTEM32\CRYPTBASE.dll
0x00007ff945740000 - 0x00007ff94576d000 	C:\Windows\SYSTEM32\IPHLPAPI.DLL
0x00007ff948ff0000 - 0x00007ff948ff9000 	C:\Windows\System32\NSI.dll
0x00007ff9428f0000 - 0x00007ff942909000 	C:\Windows\SYSTEM32\dhcpcsvc6.DLL
0x00007ff9427c0000 - 0x00007ff9427df000 	C:\Windows\SYSTEM32\dhcpcsvc.DLL
0x00007ff945770000 - 0x00007ff945872000 	C:\Windows\SYSTEM32\DNSAPI.dll
0x00007ff927ab0000 - 0x00007ff927ab9000 	C:\Program Files\Android\Android Studio\jbr\bin\extnet.dll
0x00007ff92d6e0000 - 0x00007ff92d6e8000 	C:\Windows\system32\wshunix.dll
0x00007ff925160000 - 0x00007ff925177000 	C:\Windows\system32\napinsp.dll
0x00007ff925140000 - 0x00007ff92515b000 	C:\Windows\system32\pnrpnsp.dll
0x00007ff925120000 - 0x00007ff925131000 	C:\Windows\System32\winrnr.dll
0x00007ff93f4e0000 - 0x00007ff93f4f5000 	C:\Windows\system32\wshbth.dll
0x00007ff9250f0000 - 0x00007ff925117000 	C:\Windows\system32\nlansp_c.dll
0x00007ff93f5b0000 - 0x00007ff93f5ba000 	C:\Windows\System32\rasadhlp.dll
0x00007ff93f980000 - 0x00007ff93fa03000 	C:\Windows\System32\fwpuclnt.dll

dbghelp: loaded successfully - version: 4.0.5 - missing functions: none
symbol engine: initialized successfully - sym options: 0x614 - pdb path: .;C:\Program Files\Android\Android Studio\jbr\bin;C:\Windows\SYSTEM32;C:\Windows\WinSxS\amd64_microsoft.windows.common-controls_6595b64144ccf1df_6.0.22621.3672_none_2713b9d173822955;C:\Program Files\Android\Android Studio\jbr\bin\server;C:\Users\joaov\.gradle\native\68d5fa5c4cc2d200863cafc0d521ce42e7d3e7ee720ec0a83991735586a16f82\windows-amd64;C:\Users\joaov\.gradle\native\e376f236ea51e6404a007f0833ffe2c6e607c4080706a723a18a27aeea778392\windows-amd64

VM Arguments:
jvm_args: -XX:MaxMetaspaceSize=2G -XX:+HeapDumpOnOutOfMemoryError --add-opens=java.base/java.util=ALL-UNNAMED --add-opens=java.base/java.lang=ALL-UNNAMED --add-opens=java.base/java.lang.invoke=ALL-UNNAMED --add-opens=java.prefs/java.util.prefs=ALL-UNNAMED --add-opens=java.base/java.nio.charset=ALL-UNNAMED --add-opens=java.base/java.net=ALL-UNNAMED --add-opens=java.base/java.util.concurrent.atomic=ALL-UNNAMED -Xmx4G -Dfile.encoding=windows-1252 -Duser.country=GB -Duser.language=en -Duser.variant -javaagent:C:\Users\joaov\.gradle\wrapper\dists\gradle-8.3-all\6en3ugtfdg5xnpx44z4qbwgas\gradle-8.3\lib\agents\gradle-instrumentation-agent-8.3.jar 
java_command: org.gradle.launcher.daemon.bootstrap.GradleDaemon 8.3
java_class_path (initial): C:\Users\joaov\.gradle\wrapper\dists\gradle-8.3-all\6en3ugtfdg5xnpx44z4qbwgas\gradle-8.3\lib\gradle-launcher-8.3.jar
Launcher Type: SUN_STANDARD

[Global flags]
     intx CICompilerCount                          = 4                                         {product} {ergonomic}
     uint ConcGCThreads                            = 2                                         {product} {ergonomic}
     uint G1ConcRefinementThreads                  = 8                                         {product} {ergonomic}
   size_t G1HeapRegionSize                         = 2097152                                   {product} {ergonomic}
    uintx GCDrainStackTargetSize                   = 64                                        {product} {ergonomic}
     bool HeapDumpOnOutOfMemoryError               = true                                   {manageable} {command line}
   size_t InitialHeapSize                          = 96468992                                  {product} {ergonomic}
   size_t MarkStackSize                            = 4194304                                   {product} {ergonomic}
   size_t MaxHeapSize                              = 4294967296                                {product} {command line}
   size_t MaxMetaspaceSize                         = 2147483648                                {product} {command line}
   size_t MaxNewSize                               = 2575302656                                {product} {ergonomic}
   size_t MinHeapDeltaBytes                        = 2097152                                   {product} {ergonomic}
   size_t MinHeapSize                              = 8388608                                   {product} {ergonomic}
    uintx NonNMethodCodeHeapSize                   = 5839372                                {pd product} {ergonomic}
    uintx NonProfiledCodeHeapSize                  = 122909434                              {pd product} {ergonomic}
    uintx ProfiledCodeHeapSize                     = 122909434                              {pd product} {ergonomic}
    uintx ReservedCodeCacheSize                    = 251658240                              {pd product} {ergonomic}
     bool SegmentedCodeCache                       = true                                      {product} {ergonomic}
   size_t SoftMaxHeapSize                          = 4294967296                             {manageable} {ergonomic}
     bool UseCompressedClassPointers               = true                           {product lp64_product} {ergonomic}
     bool UseCompressedOops                        = true                           {product lp64_product} {ergonomic}
     bool UseG1GC                                  = true                                      {product} {ergonomic}
     bool UseLargePagesIndividualAllocation        = false                                  {pd product} {ergonomic}

Logging:
Log output configuration:
 #0: stdout all=warning uptime,level,tags
 #1: stderr all=off uptime,level,tags

Environment Variables:
JAVA_HOME=C:\Program Files\Android\Android Studio\jbr
CLASSPATH=C:\Users\joaov\Desktop\General\Study\Estudos Flutter\FlutterStudies\image\android\\gradle\wrapper\gradle-wrapper.jar
PATH=C:\Program Files\Android\Android Studio\jbr\bin;C:\Program Files\Common Files\Oracle\Java\javapath;C:\Windows\system32;C:\Windows;C:\Windows\System32\Wbem;C:\Windows\System32\WindowsPowerShell\v1.0\;C:\Windows\System32\OpenSSH\;C:\Program Files\nodejs\;C:\Program Files\Git\cmd;C:\tools\php-8.3.10;C:\ProgramData\ComposerSetup\bin;C:\Users\joaov\.config\herd\bin\nvm;C:\Program Files\nodejs;C:\Users\joaov\.config\herd\bin;C:\Users\joaov\dev\flutter\bin;C:\Users\joaov\AppData\Local\Programs\Microsoft VS Code\bin;C:\Users\joaov\dev\flutter\bin\mingit\cmd;C:\Users\joaov\dev\flutter\bin\mingit\cmd
USERNAME=joaov
OS=Windows_NT
PROCESSOR_IDENTIFIER=AMD64 Family 23 Model 160 Stepping 0, AuthenticAMD
TMP=C:\Users\joaov\AppData\Local\Temp
TEMP=C:\Users\joaov\AppData\Local\Temp



Periodic native trim disabled

JNI global refs:
JNI global refs: 27, weak refs: 0

JNI global refs memory usage: 843, weak refs: 209

Process memory usage:
Resident Set Size: 354412K (5% of 6018300K total physical memory with 225860K free physical memory)

OOME stack traces (most recent first):
Classloader memory used:
Loader org.gradle.internal.classloader.VisitableURLClassLoader                         : 5282K
Loader bootstrap                                                                       : 3582K
Loader org.gradle.internal.classloader.VisitableURLClassLoader$InstrumentingVisitableURLClassLoader: 3058K
Loader org.gradle.initialization.MixInLegacyTypesClassLoader                           : 1613K
Loader jdk.internal.loader.ClassLoaders$PlatformClassLoader                            : 101325B
Loader jdk.internal.reflect.DelegatingClassLoader                                      : 100419B
Loader jdk.internal.loader.ClassLoaders$AppClassLoader                                 : 28456B
Loader org.codehaus.groovy.runtime.callsite.CallSiteClassLoader                        : 25573B
Loader org.gradle.groovy.scripts.internal.DefaultScriptCompilationHandler$ScriptClassLoader: 22157B
Loader sun.reflect.misc.MethodUtil                                                     : 373B


[error occurred during error reporting (Classloader stats), id 0xe0000001, Out of Memory Error (s\src\hotspot\share\memory\arena.cpp:79)]


---------------  S Y S T E M  ---------------

OS:
 Windows 11 , 64 bit Build 22621 (10.0.22621.3958)
OS uptime: 3 days 13:54 hours
Hyper-V role detected

CPU: total 8 (initial active 8) (8 cores per cpu, 2 threads per core) family 23 model 160 stepping 0 microcode 0x0, cx8, cmov, fxsr, ht, mmx, 3dnowpref, sse, sse2, sse3, ssse3, sse4a, sse4.1, sse4.2, popcnt, lzcnt, tsc, tscinvbit, avx, avx2, aes, clmul, bmi1, bmi2, adx, sha, fma, vzeroupper, clflush, clflushopt, hv
Processor Information for all 8 processors :
  Max Mhz: 2801, Current Mhz: 2801, Mhz Limit: 2801

Memory: 4k page, system-wide physical 5877M (216M free)
TotalPageFile size 24309M (AvailPageFile size 0M)
current process WorkingSet (physical memory assigned to process): 346M, peak: 428M
current process commit charge ("private bytes"): 518M, peak: 548M

vm_info: OpenJDK 64-Bit Server VM (17.0.11+0--11852314) for windows-amd64 JRE (17.0.11+0--11852314), built on May 16 2024 21:29:20 by "androidbuild" with MS VC++ 16.10 / 16.11 (VS2019)

END.
